<?xml version="1.0" encoding="UTF-8"?>
<testng-results skipped="10" failed="0" ignored="0" total="10" passed="0">
  <reporter-output>
  </reporter-output>
  <suite name="Default suite" duration-ms="12633" started-at="2020-08-14T23:15:16 IST" finished-at="2020-08-14T23:15:29 IST">
    <groups>
    </groups>
    <test name="Default test" duration-ms="12633" started-at="2020-08-14T23:15:16 IST" finished-at="2020-08-14T23:15:29 IST">
      <class name="com.realsteel.casestudy.testng.TestNG_Open_Cart_4_9_4">
        <test-method status="FAIL" signature="precondition()[pri:0, instance:com.realsteel.casestudy.testng.TestNG_Open_Cart_4_9_4@477b4cdf]" name="precondition" is-config="true" duration-ms="11244" started-at="2020-08-14T23:15:16 IST" finished-at="2020-08-14T23:15:27 IST">
          <exception class="org.openqa.selenium.SessionNotCreatedException">
            <message>
              <![CDATA[session not created: This version of ChromeDriver only supports Chrome version 81
Build info: version: '3.7.1', revision: '8a0099a', time: '2017-11-06T21:01:39.354Z'
System info: host: 'DESKTOP-TP2DDA7', ip: '192.168.0.103', os.name: 'Windows 10', os.arch: 'amd64', os.version: '10.0', java.version: '1.8.0_181'
Driver info: driver.version: ChromeDriver
remote stacktrace: Backtrace:
Ordinal0 [0x005F5F73+2449267]
Ordinal0 [0x00528361+1606497]
Ordinal0 [0x0041F969+522601]
Ordinal0 [0x003B05F3+67059]
Ordinal0 [0x003ACD92+52626]
Ordinal0 [0x003CC127+180519]
Ordinal0 [0x003CBF2D+180013]
Ordinal0 [0x003C9E5B+171611]
Ordinal0 [0x003B1DD8+73176]
Ordinal0 [0x003B2E50+77392]
Ordinal0 [0x003B2DE9+77289]
Ordinal0 [0x0053D8D7+1693911]
GetHandleVerifier [0x00694036+522726]
GetHandleVerifier [0x00693D74+522020]
GetHandleVerifier [0x006A9187+609079]
GetHandleVerifier [0x006948A6+524886]
Ordinal0 [0x00535CBC+1662140]
Ordinal0 [0x0053F23B+1700411]
Ordinal0 [0x0053F3A3+1700771]
Ordinal0 [0x00555215+1790485]
BaseThreadInitThunk [0x74BD8744+36]
RtlGetAppContainerNamedObjectPath [0x7726587D+253]
RtlGetAppContainerNamedObjectPath [0x7726584D+205]
]]>
            </message>
            <full-stacktrace>
              <![CDATA[org.openqa.selenium.SessionNotCreatedException: session not created: This version of ChromeDriver only supports Chrome version 81
Build info: version: '3.7.1', revision: '8a0099a', time: '2017-11-06T21:01:39.354Z'
System info: host: 'DESKTOP-TP2DDA7', ip: '192.168.0.103', os.name: 'Windows 10', os.arch: 'amd64', os.version: '10.0', java.version: '1.8.0_181'
Driver info: driver.version: ChromeDriver
remote stacktrace: Backtrace:
Ordinal0 [0x005F5F73+2449267]
Ordinal0 [0x00528361+1606497]
Ordinal0 [0x0041F969+522601]
Ordinal0 [0x003B05F3+67059]
Ordinal0 [0x003ACD92+52626]
Ordinal0 [0x003CC127+180519]
Ordinal0 [0x003CBF2D+180013]
Ordinal0 [0x003C9E5B+171611]
Ordinal0 [0x003B1DD8+73176]
Ordinal0 [0x003B2E50+77392]
Ordinal0 [0x003B2DE9+77289]
Ordinal0 [0x0053D8D7+1693911]
GetHandleVerifier [0x00694036+522726]
GetHandleVerifier [0x00693D74+522020]
GetHandleVerifier [0x006A9187+609079]
GetHandleVerifier [0x006948A6+524886]
Ordinal0 [0x00535CBC+1662140]
Ordinal0 [0x0053F23B+1700411]
Ordinal0 [0x0053F3A3+1700771]
Ordinal0 [0x00555215+1790485]
BaseThreadInitThunk [0x74BD8744+36]
RtlGetAppContainerNamedObjectPath [0x7726587D+253]
RtlGetAppContainerNamedObjectPath [0x7726584D+205]

at sun.reflect.NativeConstructorAccessorImpl.newInstance0(Native Method)
at sun.reflect.NativeConstructorAccessorImpl.newInstance(Unknown Source)
at sun.reflect.DelegatingConstructorAccessorImpl.newInstance(Unknown Source)
at java.lang.reflect.Constructor.newInstance(Unknown Source)
at org.openqa.selenium.remote.W3CHandshakeResponse.lambda$new$0(W3CHandshakeResponse.java:57)
at org.openqa.selenium.remote.W3CHandshakeResponse.lambda$getResponseFunction$2(W3CHandshakeResponse.java:104)
at org.openqa.selenium.remote.ProtocolHandshake.lambda$createSession$0(ProtocolHandshake.java:123)
at java.util.stream.ReferencePipeline$3$1.accept(Unknown Source)
at java.util.Spliterators$ArraySpliterator.tryAdvance(Unknown Source)
at java.util.stream.ReferencePipeline.forEachWithCancel(Unknown Source)
at java.util.stream.AbstractPipeline.copyIntoWithCancel(Unknown Source)
at java.util.stream.AbstractPipeline.copyInto(Unknown Source)
at java.util.stream.AbstractPipeline.wrapAndCopyInto(Unknown Source)
at java.util.stream.FindOps$FindOp.evaluateSequential(Unknown Source)
at java.util.stream.AbstractPipeline.evaluate(Unknown Source)
at java.util.stream.ReferencePipeline.findFirst(Unknown Source)
at org.openqa.selenium.remote.ProtocolHandshake.createSession(ProtocolHandshake.java:126)
at org.openqa.selenium.remote.ProtocolHandshake.createSession(ProtocolHandshake.java:73)
at org.openqa.selenium.remote.HttpCommandExecutor.execute(HttpCommandExecutor.java:142)
at org.openqa.selenium.remote.service.DriverCommandExecutor.execute(DriverCommandExecutor.java:83)
at org.openqa.selenium.remote.RemoteWebDriver.execute(RemoteWebDriver.java:600)
at org.openqa.selenium.remote.RemoteWebDriver.startSession(RemoteWebDriver.java:219)
at org.openqa.selenium.remote.RemoteWebDriver.<init>(RemoteWebDriver.java:142)
at org.openqa.selenium.chrome.ChromeDriver.<init>(ChromeDriver.java:181)
at org.openqa.selenium.chrome.ChromeDriver.<init>(ChromeDriver.java:168)
at org.openqa.selenium.chrome.ChromeDriver.<init>(ChromeDriver.java:123)
at com.realsteel.test.config.CreateDrivers.getDriverInstance(CreateDrivers.java:22)
at com.realsteel.casestudy.testng.TestNG_Open_Cart_4_9_4.precondition(TestNG_Open_Cart_4_9_4.java:55)
at sun.reflect.NativeMethodAccessorImpl.invoke0(Native Method)
at sun.reflect.NativeMethodAccessorImpl.invoke(Unknown Source)
at sun.reflect.DelegatingMethodAccessorImpl.invoke(Unknown Source)
at java.lang.reflect.Method.invoke(Unknown Source)
at org.testng.internal.MethodInvocationHelper.invokeMethod(MethodInvocationHelper.java:133)
at org.testng.internal.MethodInvocationHelper.invokeMethodConsideringTimeout(MethodInvocationHelper.java:62)
at org.testng.internal.ConfigInvoker.invokeConfigurationMethod(ConfigInvoker.java:340)
at org.testng.internal.ConfigInvoker.invokeConfigurations(ConfigInvoker.java:294)
at org.testng.internal.TestInvoker.runConfigMethods(TestInvoker.java:683)
at org.testng.internal.TestInvoker.invokeMethod(TestInvoker.java:510)
at org.testng.internal.TestInvoker.invokeTestMethod(TestInvoker.java:172)
at org.testng.internal.MethodRunner.runInSequence(MethodRunner.java:46)
at org.testng.internal.TestInvoker$MethodInvocationAgent.invoke(TestInvoker.java:804)
at org.testng.internal.TestInvoker.invokeTestMethods(TestInvoker.java:145)
at org.testng.internal.TestMethodWorker.invokeTestMethods(TestMethodWorker.java:146)
at org.testng.internal.TestMethodWorker.run(TestMethodWorker.java:128)
at java.util.ArrayList.forEach(Unknown Source)
at org.testng.TestRunner.privateRun(TestRunner.java:770)
at org.testng.TestRunner.run(TestRunner.java:591)
at org.testng.SuiteRunner.runTest(SuiteRunner.java:402)
at org.testng.SuiteRunner.runSequentially(SuiteRunner.java:396)
at org.testng.SuiteRunner.privateRun(SuiteRunner.java:355)
at org.testng.SuiteRunner.run(SuiteRunner.java:304)
at org.testng.SuiteRunnerWorker.runSuite(SuiteRunnerWorker.java:53)
at org.testng.SuiteRunnerWorker.run(SuiteRunnerWorker.java:96)
at org.testng.TestNG.runSuitesSequentially(TestNG.java:1180)
at org.testng.TestNG.runSuitesLocally(TestNG.java:1102)
at org.testng.TestNG.runSuites(TestNG.java:1032)
at org.testng.TestNG.run(TestNG.java:1000)
at org.testng.remote.AbstractRemoteTestNG.run(AbstractRemoteTestNG.java:115)
at org.testng.remote.RemoteTestNG.initAndRun(RemoteTestNG.java:251)
at org.testng.remote.RemoteTestNG.main(RemoteTestNG.java:77)
]]>
            </full-stacktrace>
          </exception> <!-- org.openqa.selenium.SessionNotCreatedException -->
          <reporter-output>
          </reporter-output>
        </test-method> <!-- precondition -->
        <test-method status="SKIP" signature="tc001_LoginLogout()[pri:0, instance:com.realsteel.casestudy.testng.TestNG_Open_Cart_4_9_4@477b4cdf]" name="tc001_LoginLogout" duration-ms="0" started-at="2020-08-14T23:15:27 IST" finished-at="2020-08-14T23:15:27 IST">
          <exception class="org.openqa.selenium.SessionNotCreatedException">
            <message>
              <![CDATA[session not created: This version of ChromeDriver only supports Chrome version 81
Build info: version: '3.7.1', revision: '8a0099a', time: '2017-11-06T21:01:39.354Z'
System info: host: 'DESKTOP-TP2DDA7', ip: '192.168.0.103', os.name: 'Windows 10', os.arch: 'amd64', os.version: '10.0', java.version: '1.8.0_181'
Driver info: driver.version: ChromeDriver
remote stacktrace: Backtrace:
Ordinal0 [0x005F5F73+2449267]
Ordinal0 [0x00528361+1606497]
Ordinal0 [0x0041F969+522601]
Ordinal0 [0x003B05F3+67059]
Ordinal0 [0x003ACD92+52626]
Ordinal0 [0x003CC127+180519]
Ordinal0 [0x003CBF2D+180013]
Ordinal0 [0x003C9E5B+171611]
Ordinal0 [0x003B1DD8+73176]
Ordinal0 [0x003B2E50+77392]
Ordinal0 [0x003B2DE9+77289]
Ordinal0 [0x0053D8D7+1693911]
GetHandleVerifier [0x00694036+522726]
GetHandleVerifier [0x00693D74+522020]
GetHandleVerifier [0x006A9187+609079]
GetHandleVerifier [0x006948A6+524886]
Ordinal0 [0x00535CBC+1662140]
Ordinal0 [0x0053F23B+1700411]
Ordinal0 [0x0053F3A3+1700771]
Ordinal0 [0x00555215+1790485]
BaseThreadInitThunk [0x74BD8744+36]
RtlGetAppContainerNamedObjectPath [0x7726587D+253]
RtlGetAppContainerNamedObjectPath [0x7726584D+205]
]]>
            </message>
            <full-stacktrace>
              <![CDATA[org.openqa.selenium.SessionNotCreatedException: session not created: This version of ChromeDriver only supports Chrome version 81
Build info: version: '3.7.1', revision: '8a0099a', time: '2017-11-06T21:01:39.354Z'
System info: host: 'DESKTOP-TP2DDA7', ip: '192.168.0.103', os.name: 'Windows 10', os.arch: 'amd64', os.version: '10.0', java.version: '1.8.0_181'
Driver info: driver.version: ChromeDriver
remote stacktrace: Backtrace:
Ordinal0 [0x005F5F73+2449267]
Ordinal0 [0x00528361+1606497]
Ordinal0 [0x0041F969+522601]
Ordinal0 [0x003B05F3+67059]
Ordinal0 [0x003ACD92+52626]
Ordinal0 [0x003CC127+180519]
Ordinal0 [0x003CBF2D+180013]
Ordinal0 [0x003C9E5B+171611]
Ordinal0 [0x003B1DD8+73176]
Ordinal0 [0x003B2E50+77392]
Ordinal0 [0x003B2DE9+77289]
Ordinal0 [0x0053D8D7+1693911]
GetHandleVerifier [0x00694036+522726]
GetHandleVerifier [0x00693D74+522020]
GetHandleVerifier [0x006A9187+609079]
GetHandleVerifier [0x006948A6+524886]
Ordinal0 [0x00535CBC+1662140]
Ordinal0 [0x0053F23B+1700411]
Ordinal0 [0x0053F3A3+1700771]
Ordinal0 [0x00555215+1790485]
BaseThreadInitThunk [0x74BD8744+36]
RtlGetAppContainerNamedObjectPath [0x7726587D+253]
RtlGetAppContainerNamedObjectPath [0x7726584D+205]

at sun.reflect.NativeConstructorAccessorImpl.newInstance0(Native Method)
at sun.reflect.NativeConstructorAccessorImpl.newInstance(Unknown Source)
at sun.reflect.DelegatingConstructorAccessorImpl.newInstance(Unknown Source)
at java.lang.reflect.Constructor.newInstance(Unknown Source)
at org.openqa.selenium.remote.W3CHandshakeResponse.lambda$new$0(W3CHandshakeResponse.java:57)
at org.openqa.selenium.remote.W3CHandshakeResponse.lambda$getResponseFunction$2(W3CHandshakeResponse.java:104)
at org.openqa.selenium.remote.ProtocolHandshake.lambda$createSession$0(ProtocolHandshake.java:123)
at java.util.stream.ReferencePipeline$3$1.accept(Unknown Source)
at java.util.Spliterators$ArraySpliterator.tryAdvance(Unknown Source)
at java.util.stream.ReferencePipeline.forEachWithCancel(Unknown Source)
at java.util.stream.AbstractPipeline.copyIntoWithCancel(Unknown Source)
at java.util.stream.AbstractPipeline.copyInto(Unknown Source)
at java.util.stream.AbstractPipeline.wrapAndCopyInto(Unknown Source)
at java.util.stream.FindOps$FindOp.evaluateSequential(Unknown Source)
at java.util.stream.AbstractPipeline.evaluate(Unknown Source)
at java.util.stream.ReferencePipeline.findFirst(Unknown Source)
at org.openqa.selenium.remote.ProtocolHandshake.createSession(ProtocolHandshake.java:126)
at org.openqa.selenium.remote.ProtocolHandshake.createSession(ProtocolHandshake.java:73)
at org.openqa.selenium.remote.HttpCommandExecutor.execute(HttpCommandExecutor.java:142)
at org.openqa.selenium.remote.service.DriverCommandExecutor.execute(DriverCommandExecutor.java:83)
at org.openqa.selenium.remote.RemoteWebDriver.execute(RemoteWebDriver.java:600)
at org.openqa.selenium.remote.RemoteWebDriver.startSession(RemoteWebDriver.java:219)
at org.openqa.selenium.remote.RemoteWebDriver.<init>(RemoteWebDriver.java:142)
at org.openqa.selenium.chrome.ChromeDriver.<init>(ChromeDriver.java:181)
at org.openqa.selenium.chrome.ChromeDriver.<init>(ChromeDriver.java:168)
at org.openqa.selenium.chrome.ChromeDriver.<init>(ChromeDriver.java:123)
at com.realsteel.test.config.CreateDrivers.getDriverInstance(CreateDrivers.java:22)
at com.realsteel.casestudy.testng.TestNG_Open_Cart_4_9_4.precondition(TestNG_Open_Cart_4_9_4.java:55)
at sun.reflect.NativeMethodAccessorImpl.invoke0(Native Method)
at sun.reflect.NativeMethodAccessorImpl.invoke(Unknown Source)
at sun.reflect.DelegatingMethodAccessorImpl.invoke(Unknown Source)
at java.lang.reflect.Method.invoke(Unknown Source)
at org.testng.internal.MethodInvocationHelper.invokeMethod(MethodInvocationHelper.java:133)
at org.testng.internal.MethodInvocationHelper.invokeMethodConsideringTimeout(MethodInvocationHelper.java:62)
at org.testng.internal.ConfigInvoker.invokeConfigurationMethod(ConfigInvoker.java:340)
at org.testng.internal.ConfigInvoker.invokeConfigurations(ConfigInvoker.java:294)
at org.testng.internal.TestInvoker.runConfigMethods(TestInvoker.java:683)
at org.testng.internal.TestInvoker.invokeMethod(TestInvoker.java:510)
at org.testng.internal.TestInvoker.invokeTestMethod(TestInvoker.java:172)
at org.testng.internal.MethodRunner.runInSequence(MethodRunner.java:46)
at org.testng.internal.TestInvoker$MethodInvocationAgent.invoke(TestInvoker.java:804)
at org.testng.internal.TestInvoker.invokeTestMethods(TestInvoker.java:145)
at org.testng.internal.TestMethodWorker.invokeTestMethods(TestMethodWorker.java:146)
at org.testng.internal.TestMethodWorker.run(TestMethodWorker.java:128)
at java.util.ArrayList.forEach(Unknown Source)
at org.testng.TestRunner.privateRun(TestRunner.java:770)
at org.testng.TestRunner.run(TestRunner.java:591)
at org.testng.SuiteRunner.runTest(SuiteRunner.java:402)
at org.testng.SuiteRunner.runSequentially(SuiteRunner.java:396)
at org.testng.SuiteRunner.privateRun(SuiteRunner.java:355)
at org.testng.SuiteRunner.run(SuiteRunner.java:304)
at org.testng.SuiteRunnerWorker.runSuite(SuiteRunnerWorker.java:53)
at org.testng.SuiteRunnerWorker.run(SuiteRunnerWorker.java:96)
at org.testng.TestNG.runSuitesSequentially(TestNG.java:1180)
at org.testng.TestNG.runSuitesLocally(TestNG.java:1102)
at org.testng.TestNG.runSuites(TestNG.java:1032)
at org.testng.TestNG.run(TestNG.java:1000)
at org.testng.remote.AbstractRemoteTestNG.run(AbstractRemoteTestNG.java:115)
at org.testng.remote.RemoteTestNG.initAndRun(RemoteTestNG.java:251)
at org.testng.remote.RemoteTestNG.main(RemoteTestNG.java:77)
]]>
            </full-stacktrace>
          </exception> <!-- org.openqa.selenium.SessionNotCreatedException -->
          <reporter-output>
          </reporter-output>
        </test-method> <!-- tc001_LoginLogout -->
        <test-method status="SKIP" signature="postCondition()[pri:0, instance:com.realsteel.casestudy.testng.TestNG_Open_Cart_4_9_4@477b4cdf]" name="postCondition" is-config="true" duration-ms="-1597427128005" started-at="2020-08-14T23:15:28 IST" finished-at="1970-01-01T05:30:00 IST">
          <reporter-output>
          </reporter-output>
        </test-method> <!-- postCondition -->
        <test-method status="SKIP" signature="tc002_E2E(java.lang.String, java.lang.String, java.lang.String)[pri:0, instance:com.realsteel.casestudy.testng.TestNG_Open_Cart_4_9_4@477b4cdf]" name="tc002_E2E" duration-ms="0" started-at="2020-08-14T23:15:28 IST" data-provider="TC02" finished-at="2020-08-14T23:15:28 IST">
          <exception class="org.openqa.selenium.SessionNotCreatedException">
            <message>
              <![CDATA[session not created: This version of ChromeDriver only supports Chrome version 81
Build info: version: '3.7.1', revision: '8a0099a', time: '2017-11-06T21:01:39.354Z'
System info: host: 'DESKTOP-TP2DDA7', ip: '192.168.0.103', os.name: 'Windows 10', os.arch: 'amd64', os.version: '10.0', java.version: '1.8.0_181'
Driver info: driver.version: ChromeDriver
remote stacktrace: Backtrace:
Ordinal0 [0x005F5F73+2449267]
Ordinal0 [0x00528361+1606497]
Ordinal0 [0x0041F969+522601]
Ordinal0 [0x003B05F3+67059]
Ordinal0 [0x003ACD92+52626]
Ordinal0 [0x003CC127+180519]
Ordinal0 [0x003CBF2D+180013]
Ordinal0 [0x003C9E5B+171611]
Ordinal0 [0x003B1DD8+73176]
Ordinal0 [0x003B2E50+77392]
Ordinal0 [0x003B2DE9+77289]
Ordinal0 [0x0053D8D7+1693911]
GetHandleVerifier [0x00694036+522726]
GetHandleVerifier [0x00693D74+522020]
GetHandleVerifier [0x006A9187+609079]
GetHandleVerifier [0x006948A6+524886]
Ordinal0 [0x00535CBC+1662140]
Ordinal0 [0x0053F23B+1700411]
Ordinal0 [0x0053F3A3+1700771]
Ordinal0 [0x00555215+1790485]
BaseThreadInitThunk [0x74BD8744+36]
RtlGetAppContainerNamedObjectPath [0x7726587D+253]
RtlGetAppContainerNamedObjectPath [0x7726584D+205]
]]>
            </message>
            <full-stacktrace>
              <![CDATA[org.openqa.selenium.SessionNotCreatedException: session not created: This version of ChromeDriver only supports Chrome version 81
Build info: version: '3.7.1', revision: '8a0099a', time: '2017-11-06T21:01:39.354Z'
System info: host: 'DESKTOP-TP2DDA7', ip: '192.168.0.103', os.name: 'Windows 10', os.arch: 'amd64', os.version: '10.0', java.version: '1.8.0_181'
Driver info: driver.version: ChromeDriver
remote stacktrace: Backtrace:
Ordinal0 [0x005F5F73+2449267]
Ordinal0 [0x00528361+1606497]
Ordinal0 [0x0041F969+522601]
Ordinal0 [0x003B05F3+67059]
Ordinal0 [0x003ACD92+52626]
Ordinal0 [0x003CC127+180519]
Ordinal0 [0x003CBF2D+180013]
Ordinal0 [0x003C9E5B+171611]
Ordinal0 [0x003B1DD8+73176]
Ordinal0 [0x003B2E50+77392]
Ordinal0 [0x003B2DE9+77289]
Ordinal0 [0x0053D8D7+1693911]
GetHandleVerifier [0x00694036+522726]
GetHandleVerifier [0x00693D74+522020]
GetHandleVerifier [0x006A9187+609079]
GetHandleVerifier [0x006948A6+524886]
Ordinal0 [0x00535CBC+1662140]
Ordinal0 [0x0053F23B+1700411]
Ordinal0 [0x0053F3A3+1700771]
Ordinal0 [0x00555215+1790485]
BaseThreadInitThunk [0x74BD8744+36]
RtlGetAppContainerNamedObjectPath [0x7726587D+253]
RtlGetAppContainerNamedObjectPath [0x7726584D+205]

at sun.reflect.NativeConstructorAccessorImpl.newInstance0(Native Method)
at sun.reflect.NativeConstructorAccessorImpl.newInstance(Unknown Source)
at sun.reflect.DelegatingConstructorAccessorImpl.newInstance(Unknown Source)
at java.lang.reflect.Constructor.newInstance(Unknown Source)
at org.openqa.selenium.remote.W3CHandshakeResponse.lambda$new$0(W3CHandshakeResponse.java:57)
at org.openqa.selenium.remote.W3CHandshakeResponse.lambda$getResponseFunction$2(W3CHandshakeResponse.java:104)
at org.openqa.selenium.remote.ProtocolHandshake.lambda$createSession$0(ProtocolHandshake.java:123)
at java.util.stream.ReferencePipeline$3$1.accept(Unknown Source)
at java.util.Spliterators$ArraySpliterator.tryAdvance(Unknown Source)
at java.util.stream.ReferencePipeline.forEachWithCancel(Unknown Source)
at java.util.stream.AbstractPipeline.copyIntoWithCancel(Unknown Source)
at java.util.stream.AbstractPipeline.copyInto(Unknown Source)
at java.util.stream.AbstractPipeline.wrapAndCopyInto(Unknown Source)
at java.util.stream.FindOps$FindOp.evaluateSequential(Unknown Source)
at java.util.stream.AbstractPipeline.evaluate(Unknown Source)
at java.util.stream.ReferencePipeline.findFirst(Unknown Source)
at org.openqa.selenium.remote.ProtocolHandshake.createSession(ProtocolHandshake.java:126)
at org.openqa.selenium.remote.ProtocolHandshake.createSession(ProtocolHandshake.java:73)
at org.openqa.selenium.remote.HttpCommandExecutor.execute(HttpCommandExecutor.java:142)
at org.openqa.selenium.remote.service.DriverCommandExecutor.execute(DriverCommandExecutor.java:83)
at org.openqa.selenium.remote.RemoteWebDriver.execute(RemoteWebDriver.java:600)
at org.openqa.selenium.remote.RemoteWebDriver.startSession(RemoteWebDriver.java:219)
at org.openqa.selenium.remote.RemoteWebDriver.<init>(RemoteWebDriver.java:142)
at org.openqa.selenium.chrome.ChromeDriver.<init>(ChromeDriver.java:181)
at org.openqa.selenium.chrome.ChromeDriver.<init>(ChromeDriver.java:168)
at org.openqa.selenium.chrome.ChromeDriver.<init>(ChromeDriver.java:123)
at com.realsteel.test.config.CreateDrivers.getDriverInstance(CreateDrivers.java:22)
at com.realsteel.casestudy.testng.TestNG_Open_Cart_4_9_4.precondition(TestNG_Open_Cart_4_9_4.java:55)
at sun.reflect.NativeMethodAccessorImpl.invoke0(Native Method)
at sun.reflect.NativeMethodAccessorImpl.invoke(Unknown Source)
at sun.reflect.DelegatingMethodAccessorImpl.invoke(Unknown Source)
at java.lang.reflect.Method.invoke(Unknown Source)
at org.testng.internal.MethodInvocationHelper.invokeMethod(MethodInvocationHelper.java:133)
at org.testng.internal.MethodInvocationHelper.invokeMethodConsideringTimeout(MethodInvocationHelper.java:62)
at org.testng.internal.ConfigInvoker.invokeConfigurationMethod(ConfigInvoker.java:340)
at org.testng.internal.ConfigInvoker.invokeConfigurations(ConfigInvoker.java:294)
at org.testng.internal.TestInvoker.runConfigMethods(TestInvoker.java:683)
at org.testng.internal.TestInvoker.invokeMethod(TestInvoker.java:510)
at org.testng.internal.TestInvoker.invokeTestMethod(TestInvoker.java:172)
at org.testng.internal.MethodRunner.runInSequence(MethodRunner.java:46)
at org.testng.internal.TestInvoker$MethodInvocationAgent.invoke(TestInvoker.java:804)
at org.testng.internal.TestInvoker.invokeTestMethods(TestInvoker.java:145)
at org.testng.internal.TestMethodWorker.invokeTestMethods(TestMethodWorker.java:146)
at org.testng.internal.TestMethodWorker.run(TestMethodWorker.java:128)
at java.util.ArrayList.forEach(Unknown Source)
at org.testng.TestRunner.privateRun(TestRunner.java:770)
at org.testng.TestRunner.run(TestRunner.java:591)
at org.testng.SuiteRunner.runTest(SuiteRunner.java:402)
at org.testng.SuiteRunner.runSequentially(SuiteRunner.java:396)
at org.testng.SuiteRunner.privateRun(SuiteRunner.java:355)
at org.testng.SuiteRunner.run(SuiteRunner.java:304)
at org.testng.SuiteRunnerWorker.runSuite(SuiteRunnerWorker.java:53)
at org.testng.SuiteRunnerWorker.run(SuiteRunnerWorker.java:96)
at org.testng.TestNG.runSuitesSequentially(TestNG.java:1180)
at org.testng.TestNG.runSuitesLocally(TestNG.java:1102)
at org.testng.TestNG.runSuites(TestNG.java:1032)
at org.testng.TestNG.run(TestNG.java:1000)
at org.testng.remote.AbstractRemoteTestNG.run(AbstractRemoteTestNG.java:115)
at org.testng.remote.RemoteTestNG.initAndRun(RemoteTestNG.java:251)
at org.testng.remote.RemoteTestNG.main(RemoteTestNG.java:77)
]]>
            </full-stacktrace>
          </exception> <!-- org.openqa.selenium.SessionNotCreatedException -->
          <reporter-output>
          </reporter-output>
        </test-method> <!-- tc002_E2E -->
        <test-method status="SKIP" signature="precondition()[pri:0, instance:com.realsteel.casestudy.testng.TestNG_Open_Cart_4_9_4@477b4cdf]" name="precondition" is-config="true" duration-ms="-1597427128322" started-at="2020-08-14T23:15:28 IST" finished-at="1970-01-01T05:30:00 IST">
          <reporter-output>
          </reporter-output>
        </test-method> <!-- precondition -->
        <test-method status="SKIP" signature="postCondition()[pri:0, instance:com.realsteel.casestudy.testng.TestNG_Open_Cart_4_9_4@477b4cdf]" name="postCondition" is-config="true" duration-ms="-1597427128338" started-at="2020-08-14T23:15:28 IST" finished-at="1970-01-01T05:30:00 IST">
          <reporter-output>
          </reporter-output>
        </test-method> <!-- postCondition -->
        <test-method status="SKIP" signature="tc003_RemoveProduct(java.lang.String, java.lang.String, java.lang.String, java.lang.String)[pri:0, instance:com.realsteel.casestudy.testng.TestNG_Open_Cart_4_9_4@477b4cdf]" name="tc003_RemoveProduct" duration-ms="0" started-at="2020-08-14T23:15:28 IST" data-provider="TC03" finished-at="2020-08-14T23:15:28 IST">
          <exception class="org.openqa.selenium.SessionNotCreatedException">
            <message>
              <![CDATA[session not created: This version of ChromeDriver only supports Chrome version 81
Build info: version: '3.7.1', revision: '8a0099a', time: '2017-11-06T21:01:39.354Z'
System info: host: 'DESKTOP-TP2DDA7', ip: '192.168.0.103', os.name: 'Windows 10', os.arch: 'amd64', os.version: '10.0', java.version: '1.8.0_181'
Driver info: driver.version: ChromeDriver
remote stacktrace: Backtrace:
Ordinal0 [0x005F5F73+2449267]
Ordinal0 [0x00528361+1606497]
Ordinal0 [0x0041F969+522601]
Ordinal0 [0x003B05F3+67059]
Ordinal0 [0x003ACD92+52626]
Ordinal0 [0x003CC127+180519]
Ordinal0 [0x003CBF2D+180013]
Ordinal0 [0x003C9E5B+171611]
Ordinal0 [0x003B1DD8+73176]
Ordinal0 [0x003B2E50+77392]
Ordinal0 [0x003B2DE9+77289]
Ordinal0 [0x0053D8D7+1693911]
GetHandleVerifier [0x00694036+522726]
GetHandleVerifier [0x00693D74+522020]
GetHandleVerifier [0x006A9187+609079]
GetHandleVerifier [0x006948A6+524886]
Ordinal0 [0x00535CBC+1662140]
Ordinal0 [0x0053F23B+1700411]
Ordinal0 [0x0053F3A3+1700771]
Ordinal0 [0x00555215+1790485]
BaseThreadInitThunk [0x74BD8744+36]
RtlGetAppContainerNamedObjectPath [0x7726587D+253]
RtlGetAppContainerNamedObjectPath [0x7726584D+205]
]]>
            </message>
            <full-stacktrace>
              <![CDATA[org.openqa.selenium.SessionNotCreatedException: session not created: This version of ChromeDriver only supports Chrome version 81
Build info: version: '3.7.1', revision: '8a0099a', time: '2017-11-06T21:01:39.354Z'
System info: host: 'DESKTOP-TP2DDA7', ip: '192.168.0.103', os.name: 'Windows 10', os.arch: 'amd64', os.version: '10.0', java.version: '1.8.0_181'
Driver info: driver.version: ChromeDriver
remote stacktrace: Backtrace:
Ordinal0 [0x005F5F73+2449267]
Ordinal0 [0x00528361+1606497]
Ordinal0 [0x0041F969+522601]
Ordinal0 [0x003B05F3+67059]
Ordinal0 [0x003ACD92+52626]
Ordinal0 [0x003CC127+180519]
Ordinal0 [0x003CBF2D+180013]
Ordinal0 [0x003C9E5B+171611]
Ordinal0 [0x003B1DD8+73176]
Ordinal0 [0x003B2E50+77392]
Ordinal0 [0x003B2DE9+77289]
Ordinal0 [0x0053D8D7+1693911]
GetHandleVerifier [0x00694036+522726]
GetHandleVerifier [0x00693D74+522020]
GetHandleVerifier [0x006A9187+609079]
GetHandleVerifier [0x006948A6+524886]
Ordinal0 [0x00535CBC+1662140]
Ordinal0 [0x0053F23B+1700411]
Ordinal0 [0x0053F3A3+1700771]
Ordinal0 [0x00555215+1790485]
BaseThreadInitThunk [0x74BD8744+36]
RtlGetAppContainerNamedObjectPath [0x7726587D+253]
RtlGetAppContainerNamedObjectPath [0x7726584D+205]

at sun.reflect.NativeConstructorAccessorImpl.newInstance0(Native Method)
at sun.reflect.NativeConstructorAccessorImpl.newInstance(Unknown Source)
at sun.reflect.DelegatingConstructorAccessorImpl.newInstance(Unknown Source)
at java.lang.reflect.Constructor.newInstance(Unknown Source)
at org.openqa.selenium.remote.W3CHandshakeResponse.lambda$new$0(W3CHandshakeResponse.java:57)
at org.openqa.selenium.remote.W3CHandshakeResponse.lambda$getResponseFunction$2(W3CHandshakeResponse.java:104)
at org.openqa.selenium.remote.ProtocolHandshake.lambda$createSession$0(ProtocolHandshake.java:123)
at java.util.stream.ReferencePipeline$3$1.accept(Unknown Source)
at java.util.Spliterators$ArraySpliterator.tryAdvance(Unknown Source)
at java.util.stream.ReferencePipeline.forEachWithCancel(Unknown Source)
at java.util.stream.AbstractPipeline.copyIntoWithCancel(Unknown Source)
at java.util.stream.AbstractPipeline.copyInto(Unknown Source)
at java.util.stream.AbstractPipeline.wrapAndCopyInto(Unknown Source)
at java.util.stream.FindOps$FindOp.evaluateSequential(Unknown Source)
at java.util.stream.AbstractPipeline.evaluate(Unknown Source)
at java.util.stream.ReferencePipeline.findFirst(Unknown Source)
at org.openqa.selenium.remote.ProtocolHandshake.createSession(ProtocolHandshake.java:126)
at org.openqa.selenium.remote.ProtocolHandshake.createSession(ProtocolHandshake.java:73)
at org.openqa.selenium.remote.HttpCommandExecutor.execute(HttpCommandExecutor.java:142)
at org.openqa.selenium.remote.service.DriverCommandExecutor.execute(DriverCommandExecutor.java:83)
at org.openqa.selenium.remote.RemoteWebDriver.execute(RemoteWebDriver.java:600)
at org.openqa.selenium.remote.RemoteWebDriver.startSession(RemoteWebDriver.java:219)
at org.openqa.selenium.remote.RemoteWebDriver.<init>(RemoteWebDriver.java:142)
at org.openqa.selenium.chrome.ChromeDriver.<init>(ChromeDriver.java:181)
at org.openqa.selenium.chrome.ChromeDriver.<init>(ChromeDriver.java:168)
at org.openqa.selenium.chrome.ChromeDriver.<init>(ChromeDriver.java:123)
at com.realsteel.test.config.CreateDrivers.getDriverInstance(CreateDrivers.java:22)
at com.realsteel.casestudy.testng.TestNG_Open_Cart_4_9_4.precondition(TestNG_Open_Cart_4_9_4.java:55)
at sun.reflect.NativeMethodAccessorImpl.invoke0(Native Method)
at sun.reflect.NativeMethodAccessorImpl.invoke(Unknown Source)
at sun.reflect.DelegatingMethodAccessorImpl.invoke(Unknown Source)
at java.lang.reflect.Method.invoke(Unknown Source)
at org.testng.internal.MethodInvocationHelper.invokeMethod(MethodInvocationHelper.java:133)
at org.testng.internal.MethodInvocationHelper.invokeMethodConsideringTimeout(MethodInvocationHelper.java:62)
at org.testng.internal.ConfigInvoker.invokeConfigurationMethod(ConfigInvoker.java:340)
at org.testng.internal.ConfigInvoker.invokeConfigurations(ConfigInvoker.java:294)
at org.testng.internal.TestInvoker.runConfigMethods(TestInvoker.java:683)
at org.testng.internal.TestInvoker.invokeMethod(TestInvoker.java:510)
at org.testng.internal.TestInvoker.invokeTestMethod(TestInvoker.java:172)
at org.testng.internal.MethodRunner.runInSequence(MethodRunner.java:46)
at org.testng.internal.TestInvoker$MethodInvocationAgent.invoke(TestInvoker.java:804)
at org.testng.internal.TestInvoker.invokeTestMethods(TestInvoker.java:145)
at org.testng.internal.TestMethodWorker.invokeTestMethods(TestMethodWorker.java:146)
at org.testng.internal.TestMethodWorker.run(TestMethodWorker.java:128)
at java.util.ArrayList.forEach(Unknown Source)
at org.testng.TestRunner.privateRun(TestRunner.java:770)
at org.testng.TestRunner.run(TestRunner.java:591)
at org.testng.SuiteRunner.runTest(SuiteRunner.java:402)
at org.testng.SuiteRunner.runSequentially(SuiteRunner.java:396)
at org.testng.SuiteRunner.privateRun(SuiteRunner.java:355)
at org.testng.SuiteRunner.run(SuiteRunner.java:304)
at org.testng.SuiteRunnerWorker.runSuite(SuiteRunnerWorker.java:53)
at org.testng.SuiteRunnerWorker.run(SuiteRunnerWorker.java:96)
at org.testng.TestNG.runSuitesSequentially(TestNG.java:1180)
at org.testng.TestNG.runSuitesLocally(TestNG.java:1102)
at org.testng.TestNG.runSuites(TestNG.java:1032)
at org.testng.TestNG.run(TestNG.java:1000)
at org.testng.remote.AbstractRemoteTestNG.run(AbstractRemoteTestNG.java:115)
at org.testng.remote.RemoteTestNG.initAndRun(RemoteTestNG.java:251)
at org.testng.remote.RemoteTestNG.main(RemoteTestNG.java:77)
]]>
            </full-stacktrace>
          </exception> <!-- org.openqa.selenium.SessionNotCreatedException -->
          <reporter-output>
          </reporter-output>
        </test-method> <!-- tc003_RemoveProduct -->
        <test-method status="SKIP" signature="precondition()[pri:0, instance:com.realsteel.casestudy.testng.TestNG_Open_Cart_4_9_4@477b4cdf]" name="precondition" is-config="true" duration-ms="-1597427128391" started-at="2020-08-14T23:15:28 IST" finished-at="1970-01-01T05:30:00 IST">
          <reporter-output>
          </reporter-output>
        </test-method> <!-- precondition -->
        <test-method status="SKIP" signature="postCondition()[pri:0, instance:com.realsteel.casestudy.testng.TestNG_Open_Cart_4_9_4@477b4cdf]" name="postCondition" is-config="true" duration-ms="-1597427128407" started-at="2020-08-14T23:15:28 IST" finished-at="1970-01-01T05:30:00 IST">
          <reporter-output>
          </reporter-output>
        </test-method> <!-- postCondition -->
        <test-method status="SKIP" signature="precondition()[pri:0, instance:com.realsteel.casestudy.testng.TestNG_Open_Cart_4_9_4@477b4cdf]" name="precondition" is-config="true" duration-ms="-1597427128563" started-at="2020-08-14T23:15:28 IST" finished-at="1970-01-01T05:30:00 IST">
          <reporter-output>
          </reporter-output>
        </test-method> <!-- precondition -->
        <test-method status="SKIP" signature="tc004_OrderQuantity(java.lang.String, java.lang.String, java.lang.String)[pri:0, instance:com.realsteel.casestudy.testng.TestNG_Open_Cart_4_9_4@477b4cdf]" name="tc004_OrderQuantity" duration-ms="0" started-at="2020-08-14T23:15:28 IST" data-provider="TC04" finished-at="2020-08-14T23:15:28 IST">
          <exception class="org.openqa.selenium.SessionNotCreatedException">
            <message>
              <![CDATA[session not created: This version of ChromeDriver only supports Chrome version 81
Build info: version: '3.7.1', revision: '8a0099a', time: '2017-11-06T21:01:39.354Z'
System info: host: 'DESKTOP-TP2DDA7', ip: '192.168.0.103', os.name: 'Windows 10', os.arch: 'amd64', os.version: '10.0', java.version: '1.8.0_181'
Driver info: driver.version: ChromeDriver
remote stacktrace: Backtrace:
Ordinal0 [0x005F5F73+2449267]
Ordinal0 [0x00528361+1606497]
Ordinal0 [0x0041F969+522601]
Ordinal0 [0x003B05F3+67059]
Ordinal0 [0x003ACD92+52626]
Ordinal0 [0x003CC127+180519]
Ordinal0 [0x003CBF2D+180013]
Ordinal0 [0x003C9E5B+171611]
Ordinal0 [0x003B1DD8+73176]
Ordinal0 [0x003B2E50+77392]
Ordinal0 [0x003B2DE9+77289]
Ordinal0 [0x0053D8D7+1693911]
GetHandleVerifier [0x00694036+522726]
GetHandleVerifier [0x00693D74+522020]
GetHandleVerifier [0x006A9187+609079]
GetHandleVerifier [0x006948A6+524886]
Ordinal0 [0x00535CBC+1662140]
Ordinal0 [0x0053F23B+1700411]
Ordinal0 [0x0053F3A3+1700771]
Ordinal0 [0x00555215+1790485]
BaseThreadInitThunk [0x74BD8744+36]
RtlGetAppContainerNamedObjectPath [0x7726587D+253]
RtlGetAppContainerNamedObjectPath [0x7726584D+205]
]]>
            </message>
            <full-stacktrace>
              <![CDATA[org.openqa.selenium.SessionNotCreatedException: session not created: This version of ChromeDriver only supports Chrome version 81
Build info: version: '3.7.1', revision: '8a0099a', time: '2017-11-06T21:01:39.354Z'
System info: host: 'DESKTOP-TP2DDA7', ip: '192.168.0.103', os.name: 'Windows 10', os.arch: 'amd64', os.version: '10.0', java.version: '1.8.0_181'
Driver info: driver.version: ChromeDriver
remote stacktrace: Backtrace:
Ordinal0 [0x005F5F73+2449267]
Ordinal0 [0x00528361+1606497]
Ordinal0 [0x0041F969+522601]
Ordinal0 [0x003B05F3+67059]
Ordinal0 [0x003ACD92+52626]
Ordinal0 [0x003CC127+180519]
Ordinal0 [0x003CBF2D+180013]
Ordinal0 [0x003C9E5B+171611]
Ordinal0 [0x003B1DD8+73176]
Ordinal0 [0x003B2E50+77392]
Ordinal0 [0x003B2DE9+77289]
Ordinal0 [0x0053D8D7+1693911]
GetHandleVerifier [0x00694036+522726]
GetHandleVerifier [0x00693D74+522020]
GetHandleVerifier [0x006A9187+609079]
GetHandleVerifier [0x006948A6+524886]
Ordinal0 [0x00535CBC+1662140]
Ordinal0 [0x0053F23B+1700411]
Ordinal0 [0x0053F3A3+1700771]
Ordinal0 [0x00555215+1790485]
BaseThreadInitThunk [0x74BD8744+36]
RtlGetAppContainerNamedObjectPath [0x7726587D+253]
RtlGetAppContainerNamedObjectPath [0x7726584D+205]

at sun.reflect.NativeConstructorAccessorImpl.newInstance0(Native Method)
at sun.reflect.NativeConstructorAccessorImpl.newInstance(Unknown Source)
at sun.reflect.DelegatingConstructorAccessorImpl.newInstance(Unknown Source)
at java.lang.reflect.Constructor.newInstance(Unknown Source)
at org.openqa.selenium.remote.W3CHandshakeResponse.lambda$new$0(W3CHandshakeResponse.java:57)
at org.openqa.selenium.remote.W3CHandshakeResponse.lambda$getResponseFunction$2(W3CHandshakeResponse.java:104)
at org.openqa.selenium.remote.ProtocolHandshake.lambda$createSession$0(ProtocolHandshake.java:123)
at java.util.stream.ReferencePipeline$3$1.accept(Unknown Source)
at java.util.Spliterators$ArraySpliterator.tryAdvance(Unknown Source)
at java.util.stream.ReferencePipeline.forEachWithCancel(Unknown Source)
at java.util.stream.AbstractPipeline.copyIntoWithCancel(Unknown Source)
at java.util.stream.AbstractPipeline.copyInto(Unknown Source)
at java.util.stream.AbstractPipeline.wrapAndCopyInto(Unknown Source)
at java.util.stream.FindOps$FindOp.evaluateSequential(Unknown Source)
at java.util.stream.AbstractPipeline.evaluate(Unknown Source)
at java.util.stream.ReferencePipeline.findFirst(Unknown Source)
at org.openqa.selenium.remote.ProtocolHandshake.createSession(ProtocolHandshake.java:126)
at org.openqa.selenium.remote.ProtocolHandshake.createSession(ProtocolHandshake.java:73)
at org.openqa.selenium.remote.HttpCommandExecutor.execute(HttpCommandExecutor.java:142)
at org.openqa.selenium.remote.service.DriverCommandExecutor.execute(DriverCommandExecutor.java:83)
at org.openqa.selenium.remote.RemoteWebDriver.execute(RemoteWebDriver.java:600)
at org.openqa.selenium.remote.RemoteWebDriver.startSession(RemoteWebDriver.java:219)
at org.openqa.selenium.remote.RemoteWebDriver.<init>(RemoteWebDriver.java:142)
at org.openqa.selenium.chrome.ChromeDriver.<init>(ChromeDriver.java:181)
at org.openqa.selenium.chrome.ChromeDriver.<init>(ChromeDriver.java:168)
at org.openqa.selenium.chrome.ChromeDriver.<init>(ChromeDriver.java:123)
at com.realsteel.test.config.CreateDrivers.getDriverInstance(CreateDrivers.java:22)
at com.realsteel.casestudy.testng.TestNG_Open_Cart_4_9_4.precondition(TestNG_Open_Cart_4_9_4.java:55)
at sun.reflect.NativeMethodAccessorImpl.invoke0(Native Method)
at sun.reflect.NativeMethodAccessorImpl.invoke(Unknown Source)
at sun.reflect.DelegatingMethodAccessorImpl.invoke(Unknown Source)
at java.lang.reflect.Method.invoke(Unknown Source)
at org.testng.internal.MethodInvocationHelper.invokeMethod(MethodInvocationHelper.java:133)
at org.testng.internal.MethodInvocationHelper.invokeMethodConsideringTimeout(MethodInvocationHelper.java:62)
at org.testng.internal.ConfigInvoker.invokeConfigurationMethod(ConfigInvoker.java:340)
at org.testng.internal.ConfigInvoker.invokeConfigurations(ConfigInvoker.java:294)
at org.testng.internal.TestInvoker.runConfigMethods(TestInvoker.java:683)
at org.testng.internal.TestInvoker.invokeMethod(TestInvoker.java:510)
at org.testng.internal.TestInvoker.invokeTestMethod(TestInvoker.java:172)
at org.testng.internal.MethodRunner.runInSequence(MethodRunner.java:46)
at org.testng.internal.TestInvoker$MethodInvocationAgent.invoke(TestInvoker.java:804)
at org.testng.internal.TestInvoker.invokeTestMethods(TestInvoker.java:145)
at org.testng.internal.TestMethodWorker.invokeTestMethods(TestMethodWorker.java:146)
at org.testng.internal.TestMethodWorker.run(TestMethodWorker.java:128)
at java.util.ArrayList.forEach(Unknown Source)
at org.testng.TestRunner.privateRun(TestRunner.java:770)
at org.testng.TestRunner.run(TestRunner.java:591)
at org.testng.SuiteRunner.runTest(SuiteRunner.java:402)
at org.testng.SuiteRunner.runSequentially(SuiteRunner.java:396)
at org.testng.SuiteRunner.privateRun(SuiteRunner.java:355)
at org.testng.SuiteRunner.run(SuiteRunner.java:304)
at org.testng.SuiteRunnerWorker.runSuite(SuiteRunnerWorker.java:53)
at org.testng.SuiteRunnerWorker.run(SuiteRunnerWorker.java:96)
at org.testng.TestNG.runSuitesSequentially(TestNG.java:1180)
at org.testng.TestNG.runSuitesLocally(TestNG.java:1102)
at org.testng.TestNG.runSuites(TestNG.java:1032)
at org.testng.TestNG.run(TestNG.java:1000)
at org.testng.remote.AbstractRemoteTestNG.run(AbstractRemoteTestNG.java:115)
at org.testng.remote.RemoteTestNG.initAndRun(RemoteTestNG.java:251)
at org.testng.remote.RemoteTestNG.main(RemoteTestNG.java:77)
]]>
            </full-stacktrace>
          </exception> <!-- org.openqa.selenium.SessionNotCreatedException -->
          <reporter-output>
          </reporter-output>
        </test-method> <!-- tc004_OrderQuantity -->
        <test-method status="SKIP" signature="postCondition()[pri:0, instance:com.realsteel.casestudy.testng.TestNG_Open_Cart_4_9_4@477b4cdf]" name="postCondition" is-config="true" duration-ms="-1597427128590" started-at="2020-08-14T23:15:28 IST" finished-at="1970-01-01T05:30:00 IST">
          <reporter-output>
          </reporter-output>
        </test-method> <!-- postCondition -->
        <test-method status="SKIP" signature="precondition()[pri:0, instance:com.realsteel.casestudy.testng.TestNG_Open_Cart_4_9_4@477b4cdf]" name="precondition" is-config="true" duration-ms="-1597427128643" started-at="2020-08-14T23:15:28 IST" finished-at="1970-01-01T05:30:00 IST">
          <reporter-output>
          </reporter-output>
        </test-method> <!-- precondition -->
        <test-method status="SKIP" signature="tc006_AdditionalImage(java.lang.String)[pri:0, instance:com.realsteel.casestudy.testng.TestNG_Open_Cart_4_9_4@477b4cdf]" name="tc006_AdditionalImage" duration-ms="0" started-at="2020-08-14T23:15:28 IST" data-provider="TC06" finished-at="2020-08-14T23:15:28 IST">
          <exception class="org.openqa.selenium.SessionNotCreatedException">
            <message>
              <![CDATA[session not created: This version of ChromeDriver only supports Chrome version 81
Build info: version: '3.7.1', revision: '8a0099a', time: '2017-11-06T21:01:39.354Z'
System info: host: 'DESKTOP-TP2DDA7', ip: '192.168.0.103', os.name: 'Windows 10', os.arch: 'amd64', os.version: '10.0', java.version: '1.8.0_181'
Driver info: driver.version: ChromeDriver
remote stacktrace: Backtrace:
Ordinal0 [0x005F5F73+2449267]
Ordinal0 [0x00528361+1606497]
Ordinal0 [0x0041F969+522601]
Ordinal0 [0x003B05F3+67059]
Ordinal0 [0x003ACD92+52626]
Ordinal0 [0x003CC127+180519]
Ordinal0 [0x003CBF2D+180013]
Ordinal0 [0x003C9E5B+171611]
Ordinal0 [0x003B1DD8+73176]
Ordinal0 [0x003B2E50+77392]
Ordinal0 [0x003B2DE9+77289]
Ordinal0 [0x0053D8D7+1693911]
GetHandleVerifier [0x00694036+522726]
GetHandleVerifier [0x00693D74+522020]
GetHandleVerifier [0x006A9187+609079]
GetHandleVerifier [0x006948A6+524886]
Ordinal0 [0x00535CBC+1662140]
Ordinal0 [0x0053F23B+1700411]
Ordinal0 [0x0053F3A3+1700771]
Ordinal0 [0x00555215+1790485]
BaseThreadInitThunk [0x74BD8744+36]
RtlGetAppContainerNamedObjectPath [0x7726587D+253]
RtlGetAppContainerNamedObjectPath [0x7726584D+205]
]]>
            </message>
            <full-stacktrace>
              <![CDATA[org.openqa.selenium.SessionNotCreatedException: session not created: This version of ChromeDriver only supports Chrome version 81
Build info: version: '3.7.1', revision: '8a0099a', time: '2017-11-06T21:01:39.354Z'
System info: host: 'DESKTOP-TP2DDA7', ip: '192.168.0.103', os.name: 'Windows 10', os.arch: 'amd64', os.version: '10.0', java.version: '1.8.0_181'
Driver info: driver.version: ChromeDriver
remote stacktrace: Backtrace:
Ordinal0 [0x005F5F73+2449267]
Ordinal0 [0x00528361+1606497]
Ordinal0 [0x0041F969+522601]
Ordinal0 [0x003B05F3+67059]
Ordinal0 [0x003ACD92+52626]
Ordinal0 [0x003CC127+180519]
Ordinal0 [0x003CBF2D+180013]
Ordinal0 [0x003C9E5B+171611]
Ordinal0 [0x003B1DD8+73176]
Ordinal0 [0x003B2E50+77392]
Ordinal0 [0x003B2DE9+77289]
Ordinal0 [0x0053D8D7+1693911]
GetHandleVerifier [0x00694036+522726]
GetHandleVerifier [0x00693D74+522020]
GetHandleVerifier [0x006A9187+609079]
GetHandleVerifier [0x006948A6+524886]
Ordinal0 [0x00535CBC+1662140]
Ordinal0 [0x0053F23B+1700411]
Ordinal0 [0x0053F3A3+1700771]
Ordinal0 [0x00555215+1790485]
BaseThreadInitThunk [0x74BD8744+36]
RtlGetAppContainerNamedObjectPath [0x7726587D+253]
RtlGetAppContainerNamedObjectPath [0x7726584D+205]

at sun.reflect.NativeConstructorAccessorImpl.newInstance0(Native Method)
at sun.reflect.NativeConstructorAccessorImpl.newInstance(Unknown Source)
at sun.reflect.DelegatingConstructorAccessorImpl.newInstance(Unknown Source)
at java.lang.reflect.Constructor.newInstance(Unknown Source)
at org.openqa.selenium.remote.W3CHandshakeResponse.lambda$new$0(W3CHandshakeResponse.java:57)
at org.openqa.selenium.remote.W3CHandshakeResponse.lambda$getResponseFunction$2(W3CHandshakeResponse.java:104)
at org.openqa.selenium.remote.ProtocolHandshake.lambda$createSession$0(ProtocolHandshake.java:123)
at java.util.stream.ReferencePipeline$3$1.accept(Unknown Source)
at java.util.Spliterators$ArraySpliterator.tryAdvance(Unknown Source)
at java.util.stream.ReferencePipeline.forEachWithCancel(Unknown Source)
at java.util.stream.AbstractPipeline.copyIntoWithCancel(Unknown Source)
at java.util.stream.AbstractPipeline.copyInto(Unknown Source)
at java.util.stream.AbstractPipeline.wrapAndCopyInto(Unknown Source)
at java.util.stream.FindOps$FindOp.evaluateSequential(Unknown Source)
at java.util.stream.AbstractPipeline.evaluate(Unknown Source)
at java.util.stream.ReferencePipeline.findFirst(Unknown Source)
at org.openqa.selenium.remote.ProtocolHandshake.createSession(ProtocolHandshake.java:126)
at org.openqa.selenium.remote.ProtocolHandshake.createSession(ProtocolHandshake.java:73)
at org.openqa.selenium.remote.HttpCommandExecutor.execute(HttpCommandExecutor.java:142)
at org.openqa.selenium.remote.service.DriverCommandExecutor.execute(DriverCommandExecutor.java:83)
at org.openqa.selenium.remote.RemoteWebDriver.execute(RemoteWebDriver.java:600)
at org.openqa.selenium.remote.RemoteWebDriver.startSession(RemoteWebDriver.java:219)
at org.openqa.selenium.remote.RemoteWebDriver.<init>(RemoteWebDriver.java:142)
at org.openqa.selenium.chrome.ChromeDriver.<init>(ChromeDriver.java:181)
at org.openqa.selenium.chrome.ChromeDriver.<init>(ChromeDriver.java:168)
at org.openqa.selenium.chrome.ChromeDriver.<init>(ChromeDriver.java:123)
at com.realsteel.test.config.CreateDrivers.getDriverInstance(CreateDrivers.java:22)
at com.realsteel.casestudy.testng.TestNG_Open_Cart_4_9_4.precondition(TestNG_Open_Cart_4_9_4.java:55)
at sun.reflect.NativeMethodAccessorImpl.invoke0(Native Method)
at sun.reflect.NativeMethodAccessorImpl.invoke(Unknown Source)
at sun.reflect.DelegatingMethodAccessorImpl.invoke(Unknown Source)
at java.lang.reflect.Method.invoke(Unknown Source)
at org.testng.internal.MethodInvocationHelper.invokeMethod(MethodInvocationHelper.java:133)
at org.testng.internal.MethodInvocationHelper.invokeMethodConsideringTimeout(MethodInvocationHelper.java:62)
at org.testng.internal.ConfigInvoker.invokeConfigurationMethod(ConfigInvoker.java:340)
at org.testng.internal.ConfigInvoker.invokeConfigurations(ConfigInvoker.java:294)
at org.testng.internal.TestInvoker.runConfigMethods(TestInvoker.java:683)
at org.testng.internal.TestInvoker.invokeMethod(TestInvoker.java:510)
at org.testng.internal.TestInvoker.invokeTestMethod(TestInvoker.java:172)
at org.testng.internal.MethodRunner.runInSequence(MethodRunner.java:46)
at org.testng.internal.TestInvoker$MethodInvocationAgent.invoke(TestInvoker.java:804)
at org.testng.internal.TestInvoker.invokeTestMethods(TestInvoker.java:145)
at org.testng.internal.TestMethodWorker.invokeTestMethods(TestMethodWorker.java:146)
at org.testng.internal.TestMethodWorker.run(TestMethodWorker.java:128)
at java.util.ArrayList.forEach(Unknown Source)
at org.testng.TestRunner.privateRun(TestRunner.java:770)
at org.testng.TestRunner.run(TestRunner.java:591)
at org.testng.SuiteRunner.runTest(SuiteRunner.java:402)
at org.testng.SuiteRunner.runSequentially(SuiteRunner.java:396)
at org.testng.SuiteRunner.privateRun(SuiteRunner.java:355)
at org.testng.SuiteRunner.run(SuiteRunner.java:304)
at org.testng.SuiteRunnerWorker.runSuite(SuiteRunnerWorker.java:53)
at org.testng.SuiteRunnerWorker.run(SuiteRunnerWorker.java:96)
at org.testng.TestNG.runSuitesSequentially(TestNG.java:1180)
at org.testng.TestNG.runSuitesLocally(TestNG.java:1102)
at org.testng.TestNG.runSuites(TestNG.java:1032)
at org.testng.TestNG.run(TestNG.java:1000)
at org.testng.remote.AbstractRemoteTestNG.run(AbstractRemoteTestNG.java:115)
at org.testng.remote.RemoteTestNG.initAndRun(RemoteTestNG.java:251)
at org.testng.remote.RemoteTestNG.main(RemoteTestNG.java:77)
]]>
            </full-stacktrace>
          </exception> <!-- org.openqa.selenium.SessionNotCreatedException -->
          <reporter-output>
          </reporter-output>
        </test-method> <!-- tc006_AdditionalImage -->
        <test-method status="SKIP" signature="postCondition()[pri:0, instance:com.realsteel.casestudy.testng.TestNG_Open_Cart_4_9_4@477b4cdf]" name="postCondition" is-config="true" duration-ms="-1597427128662" started-at="2020-08-14T23:15:28 IST" finished-at="1970-01-01T05:30:00 IST">
          <reporter-output>
          </reporter-output>
        </test-method> <!-- postCondition -->
        <test-method status="SKIP" signature="precondition()[pri:0, instance:com.realsteel.casestudy.testng.TestNG_Open_Cart_4_9_4@477b4cdf]" name="precondition" is-config="true" duration-ms="-1597427128707" started-at="2020-08-14T23:15:28 IST" finished-at="1970-01-01T05:30:00 IST">
          <reporter-output>
          </reporter-output>
        </test-method> <!-- precondition -->
        <test-method status="SKIP" signature="tc007_EditAccountInfo(java.lang.String)[pri:0, instance:com.realsteel.casestudy.testng.TestNG_Open_Cart_4_9_4@477b4cdf]" name="tc007_EditAccountInfo" duration-ms="0" started-at="2020-08-14T23:15:28 IST" data-provider="TC07" finished-at="2020-08-14T23:15:28 IST">
          <exception class="org.openqa.selenium.SessionNotCreatedException">
            <message>
              <![CDATA[session not created: This version of ChromeDriver only supports Chrome version 81
Build info: version: '3.7.1', revision: '8a0099a', time: '2017-11-06T21:01:39.354Z'
System info: host: 'DESKTOP-TP2DDA7', ip: '192.168.0.103', os.name: 'Windows 10', os.arch: 'amd64', os.version: '10.0', java.version: '1.8.0_181'
Driver info: driver.version: ChromeDriver
remote stacktrace: Backtrace:
Ordinal0 [0x005F5F73+2449267]
Ordinal0 [0x00528361+1606497]
Ordinal0 [0x0041F969+522601]
Ordinal0 [0x003B05F3+67059]
Ordinal0 [0x003ACD92+52626]
Ordinal0 [0x003CC127+180519]
Ordinal0 [0x003CBF2D+180013]
Ordinal0 [0x003C9E5B+171611]
Ordinal0 [0x003B1DD8+73176]
Ordinal0 [0x003B2E50+77392]
Ordinal0 [0x003B2DE9+77289]
Ordinal0 [0x0053D8D7+1693911]
GetHandleVerifier [0x00694036+522726]
GetHandleVerifier [0x00693D74+522020]
GetHandleVerifier [0x006A9187+609079]
GetHandleVerifier [0x006948A6+524886]
Ordinal0 [0x00535CBC+1662140]
Ordinal0 [0x0053F23B+1700411]
Ordinal0 [0x0053F3A3+1700771]
Ordinal0 [0x00555215+1790485]
BaseThreadInitThunk [0x74BD8744+36]
RtlGetAppContainerNamedObjectPath [0x7726587D+253]
RtlGetAppContainerNamedObjectPath [0x7726584D+205]
]]>
            </message>
            <full-stacktrace>
              <![CDATA[org.openqa.selenium.SessionNotCreatedException: session not created: This version of ChromeDriver only supports Chrome version 81
Build info: version: '3.7.1', revision: '8a0099a', time: '2017-11-06T21:01:39.354Z'
System info: host: 'DESKTOP-TP2DDA7', ip: '192.168.0.103', os.name: 'Windows 10', os.arch: 'amd64', os.version: '10.0', java.version: '1.8.0_181'
Driver info: driver.version: ChromeDriver
remote stacktrace: Backtrace:
Ordinal0 [0x005F5F73+2449267]
Ordinal0 [0x00528361+1606497]
Ordinal0 [0x0041F969+522601]
Ordinal0 [0x003B05F3+67059]
Ordinal0 [0x003ACD92+52626]
Ordinal0 [0x003CC127+180519]
Ordinal0 [0x003CBF2D+180013]
Ordinal0 [0x003C9E5B+171611]
Ordinal0 [0x003B1DD8+73176]
Ordinal0 [0x003B2E50+77392]
Ordinal0 [0x003B2DE9+77289]
Ordinal0 [0x0053D8D7+1693911]
GetHandleVerifier [0x00694036+522726]
GetHandleVerifier [0x00693D74+522020]
GetHandleVerifier [0x006A9187+609079]
GetHandleVerifier [0x006948A6+524886]
Ordinal0 [0x00535CBC+1662140]
Ordinal0 [0x0053F23B+1700411]
Ordinal0 [0x0053F3A3+1700771]
Ordinal0 [0x00555215+1790485]
BaseThreadInitThunk [0x74BD8744+36]
RtlGetAppContainerNamedObjectPath [0x7726587D+253]
RtlGetAppContainerNamedObjectPath [0x7726584D+205]

at sun.reflect.NativeConstructorAccessorImpl.newInstance0(Native Method)
at sun.reflect.NativeConstructorAccessorImpl.newInstance(Unknown Source)
at sun.reflect.DelegatingConstructorAccessorImpl.newInstance(Unknown Source)
at java.lang.reflect.Constructor.newInstance(Unknown Source)
at org.openqa.selenium.remote.W3CHandshakeResponse.lambda$new$0(W3CHandshakeResponse.java:57)
at org.openqa.selenium.remote.W3CHandshakeResponse.lambda$getResponseFunction$2(W3CHandshakeResponse.java:104)
at org.openqa.selenium.remote.ProtocolHandshake.lambda$createSession$0(ProtocolHandshake.java:123)
at java.util.stream.ReferencePipeline$3$1.accept(Unknown Source)
at java.util.Spliterators$ArraySpliterator.tryAdvance(Unknown Source)
at java.util.stream.ReferencePipeline.forEachWithCancel(Unknown Source)
at java.util.stream.AbstractPipeline.copyIntoWithCancel(Unknown Source)
at java.util.stream.AbstractPipeline.copyInto(Unknown Source)
at java.util.stream.AbstractPipeline.wrapAndCopyInto(Unknown Source)
at java.util.stream.FindOps$FindOp.evaluateSequential(Unknown Source)
at java.util.stream.AbstractPipeline.evaluate(Unknown Source)
at java.util.stream.ReferencePipeline.findFirst(Unknown Source)
at org.openqa.selenium.remote.ProtocolHandshake.createSession(ProtocolHandshake.java:126)
at org.openqa.selenium.remote.ProtocolHandshake.createSession(ProtocolHandshake.java:73)
at org.openqa.selenium.remote.HttpCommandExecutor.execute(HttpCommandExecutor.java:142)
at org.openqa.selenium.remote.service.DriverCommandExecutor.execute(DriverCommandExecutor.java:83)
at org.openqa.selenium.remote.RemoteWebDriver.execute(RemoteWebDriver.java:600)
at org.openqa.selenium.remote.RemoteWebDriver.startSession(RemoteWebDriver.java:219)
at org.openqa.selenium.remote.RemoteWebDriver.<init>(RemoteWebDriver.java:142)
at org.openqa.selenium.chrome.ChromeDriver.<init>(ChromeDriver.java:181)
at org.openqa.selenium.chrome.ChromeDriver.<init>(ChromeDriver.java:168)
at org.openqa.selenium.chrome.ChromeDriver.<init>(ChromeDriver.java:123)
at com.realsteel.test.config.CreateDrivers.getDriverInstance(CreateDrivers.java:22)
at com.realsteel.casestudy.testng.TestNG_Open_Cart_4_9_4.precondition(TestNG_Open_Cart_4_9_4.java:55)
at sun.reflect.NativeMethodAccessorImpl.invoke0(Native Method)
at sun.reflect.NativeMethodAccessorImpl.invoke(Unknown Source)
at sun.reflect.DelegatingMethodAccessorImpl.invoke(Unknown Source)
at java.lang.reflect.Method.invoke(Unknown Source)
at org.testng.internal.MethodInvocationHelper.invokeMethod(MethodInvocationHelper.java:133)
at org.testng.internal.MethodInvocationHelper.invokeMethodConsideringTimeout(MethodInvocationHelper.java:62)
at org.testng.internal.ConfigInvoker.invokeConfigurationMethod(ConfigInvoker.java:340)
at org.testng.internal.ConfigInvoker.invokeConfigurations(ConfigInvoker.java:294)
at org.testng.internal.TestInvoker.runConfigMethods(TestInvoker.java:683)
at org.testng.internal.TestInvoker.invokeMethod(TestInvoker.java:510)
at org.testng.internal.TestInvoker.invokeTestMethod(TestInvoker.java:172)
at org.testng.internal.MethodRunner.runInSequence(MethodRunner.java:46)
at org.testng.internal.TestInvoker$MethodInvocationAgent.invoke(TestInvoker.java:804)
at org.testng.internal.TestInvoker.invokeTestMethods(TestInvoker.java:145)
at org.testng.internal.TestMethodWorker.invokeTestMethods(TestMethodWorker.java:146)
at org.testng.internal.TestMethodWorker.run(TestMethodWorker.java:128)
at java.util.ArrayList.forEach(Unknown Source)
at org.testng.TestRunner.privateRun(TestRunner.java:770)
at org.testng.TestRunner.run(TestRunner.java:591)
at org.testng.SuiteRunner.runTest(SuiteRunner.java:402)
at org.testng.SuiteRunner.runSequentially(SuiteRunner.java:396)
at org.testng.SuiteRunner.privateRun(SuiteRunner.java:355)
at org.testng.SuiteRunner.run(SuiteRunner.java:304)
at org.testng.SuiteRunnerWorker.runSuite(SuiteRunnerWorker.java:53)
at org.testng.SuiteRunnerWorker.run(SuiteRunnerWorker.java:96)
at org.testng.TestNG.runSuitesSequentially(TestNG.java:1180)
at org.testng.TestNG.runSuitesLocally(TestNG.java:1102)
at org.testng.TestNG.runSuites(TestNG.java:1032)
at org.testng.TestNG.run(TestNG.java:1000)
at org.testng.remote.AbstractRemoteTestNG.run(AbstractRemoteTestNG.java:115)
at org.testng.remote.RemoteTestNG.initAndRun(RemoteTestNG.java:251)
at org.testng.remote.RemoteTestNG.main(RemoteTestNG.java:77)
]]>
            </full-stacktrace>
          </exception> <!-- org.openqa.selenium.SessionNotCreatedException -->
          <reporter-output>
          </reporter-output>
        </test-method> <!-- tc007_EditAccountInfo -->
        <test-method status="SKIP" signature="postCondition()[pri:0, instance:com.realsteel.casestudy.testng.TestNG_Open_Cart_4_9_4@477b4cdf]" name="postCondition" is-config="true" duration-ms="-1597427128749" started-at="2020-08-14T23:15:28 IST" finished-at="1970-01-01T05:30:00 IST">
          <reporter-output>
          </reporter-output>
        </test-method> <!-- postCondition -->
        <test-method status="SKIP" signature="precondition()[pri:0, instance:com.realsteel.casestudy.testng.TestNG_Open_Cart_4_9_4@477b4cdf]" name="precondition" is-config="true" duration-ms="-1597427128838" started-at="2020-08-14T23:15:28 IST" finished-at="1970-01-01T05:30:00 IST">
          <reporter-output>
          </reporter-output>
        </test-method> <!-- precondition -->
        <test-method status="SKIP" signature="tc008_SortByCombo(java.lang.String, java.lang.String)[pri:0, instance:com.realsteel.casestudy.testng.TestNG_Open_Cart_4_9_4@477b4cdf]" name="tc008_SortByCombo" duration-ms="0" started-at="2020-08-14T23:15:28 IST" data-provider="TC08" finished-at="2020-08-14T23:15:28 IST">
          <exception class="org.openqa.selenium.SessionNotCreatedException">
            <message>
              <![CDATA[session not created: This version of ChromeDriver only supports Chrome version 81
Build info: version: '3.7.1', revision: '8a0099a', time: '2017-11-06T21:01:39.354Z'
System info: host: 'DESKTOP-TP2DDA7', ip: '192.168.0.103', os.name: 'Windows 10', os.arch: 'amd64', os.version: '10.0', java.version: '1.8.0_181'
Driver info: driver.version: ChromeDriver
remote stacktrace: Backtrace:
Ordinal0 [0x005F5F73+2449267]
Ordinal0 [0x00528361+1606497]
Ordinal0 [0x0041F969+522601]
Ordinal0 [0x003B05F3+67059]
Ordinal0 [0x003ACD92+52626]
Ordinal0 [0x003CC127+180519]
Ordinal0 [0x003CBF2D+180013]
Ordinal0 [0x003C9E5B+171611]
Ordinal0 [0x003B1DD8+73176]
Ordinal0 [0x003B2E50+77392]
Ordinal0 [0x003B2DE9+77289]
Ordinal0 [0x0053D8D7+1693911]
GetHandleVerifier [0x00694036+522726]
GetHandleVerifier [0x00693D74+522020]
GetHandleVerifier [0x006A9187+609079]
GetHandleVerifier [0x006948A6+524886]
Ordinal0 [0x00535CBC+1662140]
Ordinal0 [0x0053F23B+1700411]
Ordinal0 [0x0053F3A3+1700771]
Ordinal0 [0x00555215+1790485]
BaseThreadInitThunk [0x74BD8744+36]
RtlGetAppContainerNamedObjectPath [0x7726587D+253]
RtlGetAppContainerNamedObjectPath [0x7726584D+205]
]]>
            </message>
            <full-stacktrace>
              <![CDATA[org.openqa.selenium.SessionNotCreatedException: session not created: This version of ChromeDriver only supports Chrome version 81
Build info: version: '3.7.1', revision: '8a0099a', time: '2017-11-06T21:01:39.354Z'
System info: host: 'DESKTOP-TP2DDA7', ip: '192.168.0.103', os.name: 'Windows 10', os.arch: 'amd64', os.version: '10.0', java.version: '1.8.0_181'
Driver info: driver.version: ChromeDriver
remote stacktrace: Backtrace:
Ordinal0 [0x005F5F73+2449267]
Ordinal0 [0x00528361+1606497]
Ordinal0 [0x0041F969+522601]
Ordinal0 [0x003B05F3+67059]
Ordinal0 [0x003ACD92+52626]
Ordinal0 [0x003CC127+180519]
Ordinal0 [0x003CBF2D+180013]
Ordinal0 [0x003C9E5B+171611]
Ordinal0 [0x003B1DD8+73176]
Ordinal0 [0x003B2E50+77392]
Ordinal0 [0x003B2DE9+77289]
Ordinal0 [0x0053D8D7+1693911]
GetHandleVerifier [0x00694036+522726]
GetHandleVerifier [0x00693D74+522020]
GetHandleVerifier [0x006A9187+609079]
GetHandleVerifier [0x006948A6+524886]
Ordinal0 [0x00535CBC+1662140]
Ordinal0 [0x0053F23B+1700411]
Ordinal0 [0x0053F3A3+1700771]
Ordinal0 [0x00555215+1790485]
BaseThreadInitThunk [0x74BD8744+36]
RtlGetAppContainerNamedObjectPath [0x7726587D+253]
RtlGetAppContainerNamedObjectPath [0x7726584D+205]

at sun.reflect.NativeConstructorAccessorImpl.newInstance0(Native Method)
at sun.reflect.NativeConstructorAccessorImpl.newInstance(Unknown Source)
at sun.reflect.DelegatingConstructorAccessorImpl.newInstance(Unknown Source)
at java.lang.reflect.Constructor.newInstance(Unknown Source)
at org.openqa.selenium.remote.W3CHandshakeResponse.lambda$new$0(W3CHandshakeResponse.java:57)
at org.openqa.selenium.remote.W3CHandshakeResponse.lambda$getResponseFunction$2(W3CHandshakeResponse.java:104)
at org.openqa.selenium.remote.ProtocolHandshake.lambda$createSession$0(ProtocolHandshake.java:123)
at java.util.stream.ReferencePipeline$3$1.accept(Unknown Source)
at java.util.Spliterators$ArraySpliterator.tryAdvance(Unknown Source)
at java.util.stream.ReferencePipeline.forEachWithCancel(Unknown Source)
at java.util.stream.AbstractPipeline.copyIntoWithCancel(Unknown Source)
at java.util.stream.AbstractPipeline.copyInto(Unknown Source)
at java.util.stream.AbstractPipeline.wrapAndCopyInto(Unknown Source)
at java.util.stream.FindOps$FindOp.evaluateSequential(Unknown Source)
at java.util.stream.AbstractPipeline.evaluate(Unknown Source)
at java.util.stream.ReferencePipeline.findFirst(Unknown Source)
at org.openqa.selenium.remote.ProtocolHandshake.createSession(ProtocolHandshake.java:126)
at org.openqa.selenium.remote.ProtocolHandshake.createSession(ProtocolHandshake.java:73)
at org.openqa.selenium.remote.HttpCommandExecutor.execute(HttpCommandExecutor.java:142)
at org.openqa.selenium.remote.service.DriverCommandExecutor.execute(DriverCommandExecutor.java:83)
at org.openqa.selenium.remote.RemoteWebDriver.execute(RemoteWebDriver.java:600)
at org.openqa.selenium.remote.RemoteWebDriver.startSession(RemoteWebDriver.java:219)
at org.openqa.selenium.remote.RemoteWebDriver.<init>(RemoteWebDriver.java:142)
at org.openqa.selenium.chrome.ChromeDriver.<init>(ChromeDriver.java:181)
at org.openqa.selenium.chrome.ChromeDriver.<init>(ChromeDriver.java:168)
at org.openqa.selenium.chrome.ChromeDriver.<init>(ChromeDriver.java:123)
at com.realsteel.test.config.CreateDrivers.getDriverInstance(CreateDrivers.java:22)
at com.realsteel.casestudy.testng.TestNG_Open_Cart_4_9_4.precondition(TestNG_Open_Cart_4_9_4.java:55)
at sun.reflect.NativeMethodAccessorImpl.invoke0(Native Method)
at sun.reflect.NativeMethodAccessorImpl.invoke(Unknown Source)
at sun.reflect.DelegatingMethodAccessorImpl.invoke(Unknown Source)
at java.lang.reflect.Method.invoke(Unknown Source)
at org.testng.internal.MethodInvocationHelper.invokeMethod(MethodInvocationHelper.java:133)
at org.testng.internal.MethodInvocationHelper.invokeMethodConsideringTimeout(MethodInvocationHelper.java:62)
at org.testng.internal.ConfigInvoker.invokeConfigurationMethod(ConfigInvoker.java:340)
at org.testng.internal.ConfigInvoker.invokeConfigurations(ConfigInvoker.java:294)
at org.testng.internal.TestInvoker.runConfigMethods(TestInvoker.java:683)
at org.testng.internal.TestInvoker.invokeMethod(TestInvoker.java:510)
at org.testng.internal.TestInvoker.invokeTestMethod(TestInvoker.java:172)
at org.testng.internal.MethodRunner.runInSequence(MethodRunner.java:46)
at org.testng.internal.TestInvoker$MethodInvocationAgent.invoke(TestInvoker.java:804)
at org.testng.internal.TestInvoker.invokeTestMethods(TestInvoker.java:145)
at org.testng.internal.TestMethodWorker.invokeTestMethods(TestMethodWorker.java:146)
at org.testng.internal.TestMethodWorker.run(TestMethodWorker.java:128)
at java.util.ArrayList.forEach(Unknown Source)
at org.testng.TestRunner.privateRun(TestRunner.java:770)
at org.testng.TestRunner.run(TestRunner.java:591)
at org.testng.SuiteRunner.runTest(SuiteRunner.java:402)
at org.testng.SuiteRunner.runSequentially(SuiteRunner.java:396)
at org.testng.SuiteRunner.privateRun(SuiteRunner.java:355)
at org.testng.SuiteRunner.run(SuiteRunner.java:304)
at org.testng.SuiteRunnerWorker.runSuite(SuiteRunnerWorker.java:53)
at org.testng.SuiteRunnerWorker.run(SuiteRunnerWorker.java:96)
at org.testng.TestNG.runSuitesSequentially(TestNG.java:1180)
at org.testng.TestNG.runSuitesLocally(TestNG.java:1102)
at org.testng.TestNG.runSuites(TestNG.java:1032)
at org.testng.TestNG.run(TestNG.java:1000)
at org.testng.remote.AbstractRemoteTestNG.run(AbstractRemoteTestNG.java:115)
at org.testng.remote.RemoteTestNG.initAndRun(RemoteTestNG.java:251)
at org.testng.remote.RemoteTestNG.main(RemoteTestNG.java:77)
]]>
            </full-stacktrace>
          </exception> <!-- org.openqa.selenium.SessionNotCreatedException -->
          <reporter-output>
          </reporter-output>
        </test-method> <!-- tc008_SortByCombo -->
        <test-method status="SKIP" signature="postCondition()[pri:0, instance:com.realsteel.casestudy.testng.TestNG_Open_Cart_4_9_4@477b4cdf]" name="postCondition" is-config="true" duration-ms="-1597427128856" started-at="2020-08-14T23:15:28 IST" finished-at="1970-01-01T05:30:00 IST">
          <reporter-output>
          </reporter-output>
        </test-method> <!-- postCondition -->
        <test-method status="SKIP" signature="precondition()[pri:0, instance:com.realsteel.casestudy.testng.TestNG_Open_Cart_4_9_4@477b4cdf]" name="precondition" is-config="true" duration-ms="-1597427128865" started-at="2020-08-14T23:15:28 IST" finished-at="1970-01-01T05:30:00 IST">
          <reporter-output>
          </reporter-output>
        </test-method> <!-- precondition -->
        <test-method status="SKIP" signature="tc009_ShoppingEmptyCart()[pri:0, instance:com.realsteel.casestudy.testng.TestNG_Open_Cart_4_9_4@477b4cdf]" name="tc009_ShoppingEmptyCart" duration-ms="0" started-at="2020-08-14T23:15:28 IST" finished-at="2020-08-14T23:15:28 IST">
          <exception class="org.openqa.selenium.SessionNotCreatedException">
            <message>
              <![CDATA[session not created: This version of ChromeDriver only supports Chrome version 81
Build info: version: '3.7.1', revision: '8a0099a', time: '2017-11-06T21:01:39.354Z'
System info: host: 'DESKTOP-TP2DDA7', ip: '192.168.0.103', os.name: 'Windows 10', os.arch: 'amd64', os.version: '10.0', java.version: '1.8.0_181'
Driver info: driver.version: ChromeDriver
remote stacktrace: Backtrace:
Ordinal0 [0x005F5F73+2449267]
Ordinal0 [0x00528361+1606497]
Ordinal0 [0x0041F969+522601]
Ordinal0 [0x003B05F3+67059]
Ordinal0 [0x003ACD92+52626]
Ordinal0 [0x003CC127+180519]
Ordinal0 [0x003CBF2D+180013]
Ordinal0 [0x003C9E5B+171611]
Ordinal0 [0x003B1DD8+73176]
Ordinal0 [0x003B2E50+77392]
Ordinal0 [0x003B2DE9+77289]
Ordinal0 [0x0053D8D7+1693911]
GetHandleVerifier [0x00694036+522726]
GetHandleVerifier [0x00693D74+522020]
GetHandleVerifier [0x006A9187+609079]
GetHandleVerifier [0x006948A6+524886]
Ordinal0 [0x00535CBC+1662140]
Ordinal0 [0x0053F23B+1700411]
Ordinal0 [0x0053F3A3+1700771]
Ordinal0 [0x00555215+1790485]
BaseThreadInitThunk [0x74BD8744+36]
RtlGetAppContainerNamedObjectPath [0x7726587D+253]
RtlGetAppContainerNamedObjectPath [0x7726584D+205]
]]>
            </message>
            <full-stacktrace>
              <![CDATA[org.openqa.selenium.SessionNotCreatedException: session not created: This version of ChromeDriver only supports Chrome version 81
Build info: version: '3.7.1', revision: '8a0099a', time: '2017-11-06T21:01:39.354Z'
System info: host: 'DESKTOP-TP2DDA7', ip: '192.168.0.103', os.name: 'Windows 10', os.arch: 'amd64', os.version: '10.0', java.version: '1.8.0_181'
Driver info: driver.version: ChromeDriver
remote stacktrace: Backtrace:
Ordinal0 [0x005F5F73+2449267]
Ordinal0 [0x00528361+1606497]
Ordinal0 [0x0041F969+522601]
Ordinal0 [0x003B05F3+67059]
Ordinal0 [0x003ACD92+52626]
Ordinal0 [0x003CC127+180519]
Ordinal0 [0x003CBF2D+180013]
Ordinal0 [0x003C9E5B+171611]
Ordinal0 [0x003B1DD8+73176]
Ordinal0 [0x003B2E50+77392]
Ordinal0 [0x003B2DE9+77289]
Ordinal0 [0x0053D8D7+1693911]
GetHandleVerifier [0x00694036+522726]
GetHandleVerifier [0x00693D74+522020]
GetHandleVerifier [0x006A9187+609079]
GetHandleVerifier [0x006948A6+524886]
Ordinal0 [0x00535CBC+1662140]
Ordinal0 [0x0053F23B+1700411]
Ordinal0 [0x0053F3A3+1700771]
Ordinal0 [0x00555215+1790485]
BaseThreadInitThunk [0x74BD8744+36]
RtlGetAppContainerNamedObjectPath [0x7726587D+253]
RtlGetAppContainerNamedObjectPath [0x7726584D+205]

at sun.reflect.NativeConstructorAccessorImpl.newInstance0(Native Method)
at sun.reflect.NativeConstructorAccessorImpl.newInstance(Unknown Source)
at sun.reflect.DelegatingConstructorAccessorImpl.newInstance(Unknown Source)
at java.lang.reflect.Constructor.newInstance(Unknown Source)
at org.openqa.selenium.remote.W3CHandshakeResponse.lambda$new$0(W3CHandshakeResponse.java:57)
at org.openqa.selenium.remote.W3CHandshakeResponse.lambda$getResponseFunction$2(W3CHandshakeResponse.java:104)
at org.openqa.selenium.remote.ProtocolHandshake.lambda$createSession$0(ProtocolHandshake.java:123)
at java.util.stream.ReferencePipeline$3$1.accept(Unknown Source)
at java.util.Spliterators$ArraySpliterator.tryAdvance(Unknown Source)
at java.util.stream.ReferencePipeline.forEachWithCancel(Unknown Source)
at java.util.stream.AbstractPipeline.copyIntoWithCancel(Unknown Source)
at java.util.stream.AbstractPipeline.copyInto(Unknown Source)
at java.util.stream.AbstractPipeline.wrapAndCopyInto(Unknown Source)
at java.util.stream.FindOps$FindOp.evaluateSequential(Unknown Source)
at java.util.stream.AbstractPipeline.evaluate(Unknown Source)
at java.util.stream.ReferencePipeline.findFirst(Unknown Source)
at org.openqa.selenium.remote.ProtocolHandshake.createSession(ProtocolHandshake.java:126)
at org.openqa.selenium.remote.ProtocolHandshake.createSession(ProtocolHandshake.java:73)
at org.openqa.selenium.remote.HttpCommandExecutor.execute(HttpCommandExecutor.java:142)
at org.openqa.selenium.remote.service.DriverCommandExecutor.execute(DriverCommandExecutor.java:83)
at org.openqa.selenium.remote.RemoteWebDriver.execute(RemoteWebDriver.java:600)
at org.openqa.selenium.remote.RemoteWebDriver.startSession(RemoteWebDriver.java:219)
at org.openqa.selenium.remote.RemoteWebDriver.<init>(RemoteWebDriver.java:142)
at org.openqa.selenium.chrome.ChromeDriver.<init>(ChromeDriver.java:181)
at org.openqa.selenium.chrome.ChromeDriver.<init>(ChromeDriver.java:168)
at org.openqa.selenium.chrome.ChromeDriver.<init>(ChromeDriver.java:123)
at com.realsteel.test.config.CreateDrivers.getDriverInstance(CreateDrivers.java:22)
at com.realsteel.casestudy.testng.TestNG_Open_Cart_4_9_4.precondition(TestNG_Open_Cart_4_9_4.java:55)
at sun.reflect.NativeMethodAccessorImpl.invoke0(Native Method)
at sun.reflect.NativeMethodAccessorImpl.invoke(Unknown Source)
at sun.reflect.DelegatingMethodAccessorImpl.invoke(Unknown Source)
at java.lang.reflect.Method.invoke(Unknown Source)
at org.testng.internal.MethodInvocationHelper.invokeMethod(MethodInvocationHelper.java:133)
at org.testng.internal.MethodInvocationHelper.invokeMethodConsideringTimeout(MethodInvocationHelper.java:62)
at org.testng.internal.ConfigInvoker.invokeConfigurationMethod(ConfigInvoker.java:340)
at org.testng.internal.ConfigInvoker.invokeConfigurations(ConfigInvoker.java:294)
at org.testng.internal.TestInvoker.runConfigMethods(TestInvoker.java:683)
at org.testng.internal.TestInvoker.invokeMethod(TestInvoker.java:510)
at org.testng.internal.TestInvoker.invokeTestMethod(TestInvoker.java:172)
at org.testng.internal.MethodRunner.runInSequence(MethodRunner.java:46)
at org.testng.internal.TestInvoker$MethodInvocationAgent.invoke(TestInvoker.java:804)
at org.testng.internal.TestInvoker.invokeTestMethods(TestInvoker.java:145)
at org.testng.internal.TestMethodWorker.invokeTestMethods(TestMethodWorker.java:146)
at org.testng.internal.TestMethodWorker.run(TestMethodWorker.java:128)
at java.util.ArrayList.forEach(Unknown Source)
at org.testng.TestRunner.privateRun(TestRunner.java:770)
at org.testng.TestRunner.run(TestRunner.java:591)
at org.testng.SuiteRunner.runTest(SuiteRunner.java:402)
at org.testng.SuiteRunner.runSequentially(SuiteRunner.java:396)
at org.testng.SuiteRunner.privateRun(SuiteRunner.java:355)
at org.testng.SuiteRunner.run(SuiteRunner.java:304)
at org.testng.SuiteRunnerWorker.runSuite(SuiteRunnerWorker.java:53)
at org.testng.SuiteRunnerWorker.run(SuiteRunnerWorker.java:96)
at org.testng.TestNG.runSuitesSequentially(TestNG.java:1180)
at org.testng.TestNG.runSuitesLocally(TestNG.java:1102)
at org.testng.TestNG.runSuites(TestNG.java:1032)
at org.testng.TestNG.run(TestNG.java:1000)
at org.testng.remote.AbstractRemoteTestNG.run(AbstractRemoteTestNG.java:115)
at org.testng.remote.RemoteTestNG.initAndRun(RemoteTestNG.java:251)
at org.testng.remote.RemoteTestNG.main(RemoteTestNG.java:77)
]]>
            </full-stacktrace>
          </exception> <!-- org.openqa.selenium.SessionNotCreatedException -->
          <reporter-output>
          </reporter-output>
        </test-method> <!-- tc009_ShoppingEmptyCart -->
        <test-method status="SKIP" signature="postCondition()[pri:0, instance:com.realsteel.casestudy.testng.TestNG_Open_Cart_4_9_4@477b4cdf]" name="postCondition" is-config="true" duration-ms="-1597427128905" started-at="2020-08-14T23:15:28 IST" finished-at="1970-01-01T05:30:00 IST">
          <reporter-output>
          </reporter-output>
        </test-method> <!-- postCondition -->
        <test-method status="SKIP" signature="precondition()[pri:0, instance:com.realsteel.casestudy.testng.TestNG_Open_Cart_4_9_4@477b4cdf]" name="precondition" is-config="true" duration-ms="-1597427128982" started-at="2020-08-14T23:15:28 IST" finished-at="1970-01-01T05:30:00 IST">
          <reporter-output>
          </reporter-output>
        </test-method> <!-- precondition -->
        <test-method status="SKIP" signature="tc010_ChangeAddress(java.lang.String, java.lang.String, java.lang.String, java.lang.String, java.lang.String, java.lang.String, java.lang.String, java.lang.String, java.lang.String, java.lang.String, java.lang.String, java.lang.String)[pri:0, instance:com.realsteel.casestudy.testng.TestNG_Open_Cart_4_9_4@477b4cdf]" name="tc010_ChangeAddress" duration-ms="0" started-at="2020-08-14T23:15:28 IST" data-provider="TC10" finished-at="2020-08-14T23:15:28 IST">
          <exception class="org.openqa.selenium.SessionNotCreatedException">
            <message>
              <![CDATA[session not created: This version of ChromeDriver only supports Chrome version 81
Build info: version: '3.7.1', revision: '8a0099a', time: '2017-11-06T21:01:39.354Z'
System info: host: 'DESKTOP-TP2DDA7', ip: '192.168.0.103', os.name: 'Windows 10', os.arch: 'amd64', os.version: '10.0', java.version: '1.8.0_181'
Driver info: driver.version: ChromeDriver
remote stacktrace: Backtrace:
Ordinal0 [0x005F5F73+2449267]
Ordinal0 [0x00528361+1606497]
Ordinal0 [0x0041F969+522601]
Ordinal0 [0x003B05F3+67059]
Ordinal0 [0x003ACD92+52626]
Ordinal0 [0x003CC127+180519]
Ordinal0 [0x003CBF2D+180013]
Ordinal0 [0x003C9E5B+171611]
Ordinal0 [0x003B1DD8+73176]
Ordinal0 [0x003B2E50+77392]
Ordinal0 [0x003B2DE9+77289]
Ordinal0 [0x0053D8D7+1693911]
GetHandleVerifier [0x00694036+522726]
GetHandleVerifier [0x00693D74+522020]
GetHandleVerifier [0x006A9187+609079]
GetHandleVerifier [0x006948A6+524886]
Ordinal0 [0x00535CBC+1662140]
Ordinal0 [0x0053F23B+1700411]
Ordinal0 [0x0053F3A3+1700771]
Ordinal0 [0x00555215+1790485]
BaseThreadInitThunk [0x74BD8744+36]
RtlGetAppContainerNamedObjectPath [0x7726587D+253]
RtlGetAppContainerNamedObjectPath [0x7726584D+205]
]]>
            </message>
            <full-stacktrace>
              <![CDATA[org.openqa.selenium.SessionNotCreatedException: session not created: This version of ChromeDriver only supports Chrome version 81
Build info: version: '3.7.1', revision: '8a0099a', time: '2017-11-06T21:01:39.354Z'
System info: host: 'DESKTOP-TP2DDA7', ip: '192.168.0.103', os.name: 'Windows 10', os.arch: 'amd64', os.version: '10.0', java.version: '1.8.0_181'
Driver info: driver.version: ChromeDriver
remote stacktrace: Backtrace:
Ordinal0 [0x005F5F73+2449267]
Ordinal0 [0x00528361+1606497]
Ordinal0 [0x0041F969+522601]
Ordinal0 [0x003B05F3+67059]
Ordinal0 [0x003ACD92+52626]
Ordinal0 [0x003CC127+180519]
Ordinal0 [0x003CBF2D+180013]
Ordinal0 [0x003C9E5B+171611]
Ordinal0 [0x003B1DD8+73176]
Ordinal0 [0x003B2E50+77392]
Ordinal0 [0x003B2DE9+77289]
Ordinal0 [0x0053D8D7+1693911]
GetHandleVerifier [0x00694036+522726]
GetHandleVerifier [0x00693D74+522020]
GetHandleVerifier [0x006A9187+609079]
GetHandleVerifier [0x006948A6+524886]
Ordinal0 [0x00535CBC+1662140]
Ordinal0 [0x0053F23B+1700411]
Ordinal0 [0x0053F3A3+1700771]
Ordinal0 [0x00555215+1790485]
BaseThreadInitThunk [0x74BD8744+36]
RtlGetAppContainerNamedObjectPath [0x7726587D+253]
RtlGetAppContainerNamedObjectPath [0x7726584D+205]

at sun.reflect.NativeConstructorAccessorImpl.newInstance0(Native Method)
at sun.reflect.NativeConstructorAccessorImpl.newInstance(Unknown Source)
at sun.reflect.DelegatingConstructorAccessorImpl.newInstance(Unknown Source)
at java.lang.reflect.Constructor.newInstance(Unknown Source)
at org.openqa.selenium.remote.W3CHandshakeResponse.lambda$new$0(W3CHandshakeResponse.java:57)
at org.openqa.selenium.remote.W3CHandshakeResponse.lambda$getResponseFunction$2(W3CHandshakeResponse.java:104)
at org.openqa.selenium.remote.ProtocolHandshake.lambda$createSession$0(ProtocolHandshake.java:123)
at java.util.stream.ReferencePipeline$3$1.accept(Unknown Source)
at java.util.Spliterators$ArraySpliterator.tryAdvance(Unknown Source)
at java.util.stream.ReferencePipeline.forEachWithCancel(Unknown Source)
at java.util.stream.AbstractPipeline.copyIntoWithCancel(Unknown Source)
at java.util.stream.AbstractPipeline.copyInto(Unknown Source)
at java.util.stream.AbstractPipeline.wrapAndCopyInto(Unknown Source)
at java.util.stream.FindOps$FindOp.evaluateSequential(Unknown Source)
at java.util.stream.AbstractPipeline.evaluate(Unknown Source)
at java.util.stream.ReferencePipeline.findFirst(Unknown Source)
at org.openqa.selenium.remote.ProtocolHandshake.createSession(ProtocolHandshake.java:126)
at org.openqa.selenium.remote.ProtocolHandshake.createSession(ProtocolHandshake.java:73)
at org.openqa.selenium.remote.HttpCommandExecutor.execute(HttpCommandExecutor.java:142)
at org.openqa.selenium.remote.service.DriverCommandExecutor.execute(DriverCommandExecutor.java:83)
at org.openqa.selenium.remote.RemoteWebDriver.execute(RemoteWebDriver.java:600)
at org.openqa.selenium.remote.RemoteWebDriver.startSession(RemoteWebDriver.java:219)
at org.openqa.selenium.remote.RemoteWebDriver.<init>(RemoteWebDriver.java:142)
at org.openqa.selenium.chrome.ChromeDriver.<init>(ChromeDriver.java:181)
at org.openqa.selenium.chrome.ChromeDriver.<init>(ChromeDriver.java:168)
at org.openqa.selenium.chrome.ChromeDriver.<init>(ChromeDriver.java:123)
at com.realsteel.test.config.CreateDrivers.getDriverInstance(CreateDrivers.java:22)
at com.realsteel.casestudy.testng.TestNG_Open_Cart_4_9_4.precondition(TestNG_Open_Cart_4_9_4.java:55)
at sun.reflect.NativeMethodAccessorImpl.invoke0(Native Method)
at sun.reflect.NativeMethodAccessorImpl.invoke(Unknown Source)
at sun.reflect.DelegatingMethodAccessorImpl.invoke(Unknown Source)
at java.lang.reflect.Method.invoke(Unknown Source)
at org.testng.internal.MethodInvocationHelper.invokeMethod(MethodInvocationHelper.java:133)
at org.testng.internal.MethodInvocationHelper.invokeMethodConsideringTimeout(MethodInvocationHelper.java:62)
at org.testng.internal.ConfigInvoker.invokeConfigurationMethod(ConfigInvoker.java:340)
at org.testng.internal.ConfigInvoker.invokeConfigurations(ConfigInvoker.java:294)
at org.testng.internal.TestInvoker.runConfigMethods(TestInvoker.java:683)
at org.testng.internal.TestInvoker.invokeMethod(TestInvoker.java:510)
at org.testng.internal.TestInvoker.invokeTestMethod(TestInvoker.java:172)
at org.testng.internal.MethodRunner.runInSequence(MethodRunner.java:46)
at org.testng.internal.TestInvoker$MethodInvocationAgent.invoke(TestInvoker.java:804)
at org.testng.internal.TestInvoker.invokeTestMethods(TestInvoker.java:145)
at org.testng.internal.TestMethodWorker.invokeTestMethods(TestMethodWorker.java:146)
at org.testng.internal.TestMethodWorker.run(TestMethodWorker.java:128)
at java.util.ArrayList.forEach(Unknown Source)
at org.testng.TestRunner.privateRun(TestRunner.java:770)
at org.testng.TestRunner.run(TestRunner.java:591)
at org.testng.SuiteRunner.runTest(SuiteRunner.java:402)
at org.testng.SuiteRunner.runSequentially(SuiteRunner.java:396)
at org.testng.SuiteRunner.privateRun(SuiteRunner.java:355)
at org.testng.SuiteRunner.run(SuiteRunner.java:304)
at org.testng.SuiteRunnerWorker.runSuite(SuiteRunnerWorker.java:53)
at org.testng.SuiteRunnerWorker.run(SuiteRunnerWorker.java:96)
at org.testng.TestNG.runSuitesSequentially(TestNG.java:1180)
at org.testng.TestNG.runSuitesLocally(TestNG.java:1102)
at org.testng.TestNG.runSuites(TestNG.java:1032)
at org.testng.TestNG.run(TestNG.java:1000)
at org.testng.remote.AbstractRemoteTestNG.run(AbstractRemoteTestNG.java:115)
at org.testng.remote.RemoteTestNG.initAndRun(RemoteTestNG.java:251)
at org.testng.remote.RemoteTestNG.main(RemoteTestNG.java:77)
]]>
            </full-stacktrace>
          </exception> <!-- org.openqa.selenium.SessionNotCreatedException -->
          <reporter-output>
          </reporter-output>
        </test-method> <!-- tc010_ChangeAddress -->
        <test-method status="SKIP" signature="postCondition()[pri:0, instance:com.realsteel.casestudy.testng.TestNG_Open_Cart_4_9_4@477b4cdf]" name="postCondition" is-config="true" duration-ms="-1597427129004" started-at="2020-08-14T23:15:29 IST" finished-at="1970-01-01T05:30:00 IST">
          <reporter-output>
          </reporter-output>
        </test-method> <!-- postCondition -->
        <test-method status="SKIP" signature="precondition()[pri:0, instance:com.realsteel.casestudy.testng.TestNG_Open_Cart_4_9_4@477b4cdf]" name="precondition" is-config="true" duration-ms="-1597427129042" started-at="2020-08-14T23:15:29 IST" finished-at="1970-01-01T05:30:00 IST">
          <reporter-output>
          </reporter-output>
        </test-method> <!-- precondition -->
        <test-method status="SKIP" signature="tc05_BrowseCategory()[pri:0, instance:com.realsteel.casestudy.testng.TestNG_Open_Cart_4_9_4@477b4cdf]" name="tc05_BrowseCategory" duration-ms="0" started-at="2020-08-14T23:15:29 IST" finished-at="2020-08-14T23:15:29 IST">
          <exception class="org.openqa.selenium.SessionNotCreatedException">
            <message>
              <![CDATA[session not created: This version of ChromeDriver only supports Chrome version 81
Build info: version: '3.7.1', revision: '8a0099a', time: '2017-11-06T21:01:39.354Z'
System info: host: 'DESKTOP-TP2DDA7', ip: '192.168.0.103', os.name: 'Windows 10', os.arch: 'amd64', os.version: '10.0', java.version: '1.8.0_181'
Driver info: driver.version: ChromeDriver
remote stacktrace: Backtrace:
Ordinal0 [0x005F5F73+2449267]
Ordinal0 [0x00528361+1606497]
Ordinal0 [0x0041F969+522601]
Ordinal0 [0x003B05F3+67059]
Ordinal0 [0x003ACD92+52626]
Ordinal0 [0x003CC127+180519]
Ordinal0 [0x003CBF2D+180013]
Ordinal0 [0x003C9E5B+171611]
Ordinal0 [0x003B1DD8+73176]
Ordinal0 [0x003B2E50+77392]
Ordinal0 [0x003B2DE9+77289]
Ordinal0 [0x0053D8D7+1693911]
GetHandleVerifier [0x00694036+522726]
GetHandleVerifier [0x00693D74+522020]
GetHandleVerifier [0x006A9187+609079]
GetHandleVerifier [0x006948A6+524886]
Ordinal0 [0x00535CBC+1662140]
Ordinal0 [0x0053F23B+1700411]
Ordinal0 [0x0053F3A3+1700771]
Ordinal0 [0x00555215+1790485]
BaseThreadInitThunk [0x74BD8744+36]
RtlGetAppContainerNamedObjectPath [0x7726587D+253]
RtlGetAppContainerNamedObjectPath [0x7726584D+205]
]]>
            </message>
            <full-stacktrace>
              <![CDATA[org.openqa.selenium.SessionNotCreatedException: session not created: This version of ChromeDriver only supports Chrome version 81
Build info: version: '3.7.1', revision: '8a0099a', time: '2017-11-06T21:01:39.354Z'
System info: host: 'DESKTOP-TP2DDA7', ip: '192.168.0.103', os.name: 'Windows 10', os.arch: 'amd64', os.version: '10.0', java.version: '1.8.0_181'
Driver info: driver.version: ChromeDriver
remote stacktrace: Backtrace:
Ordinal0 [0x005F5F73+2449267]
Ordinal0 [0x00528361+1606497]
Ordinal0 [0x0041F969+522601]
Ordinal0 [0x003B05F3+67059]
Ordinal0 [0x003ACD92+52626]
Ordinal0 [0x003CC127+180519]
Ordinal0 [0x003CBF2D+180013]
Ordinal0 [0x003C9E5B+171611]
Ordinal0 [0x003B1DD8+73176]
Ordinal0 [0x003B2E50+77392]
Ordinal0 [0x003B2DE9+77289]
Ordinal0 [0x0053D8D7+1693911]
GetHandleVerifier [0x00694036+522726]
GetHandleVerifier [0x00693D74+522020]
GetHandleVerifier [0x006A9187+609079]
GetHandleVerifier [0x006948A6+524886]
Ordinal0 [0x00535CBC+1662140]
Ordinal0 [0x0053F23B+1700411]
Ordinal0 [0x0053F3A3+1700771]
Ordinal0 [0x00555215+1790485]
BaseThreadInitThunk [0x74BD8744+36]
RtlGetAppContainerNamedObjectPath [0x7726587D+253]
RtlGetAppContainerNamedObjectPath [0x7726584D+205]

at sun.reflect.NativeConstructorAccessorImpl.newInstance0(Native Method)
at sun.reflect.NativeConstructorAccessorImpl.newInstance(Unknown Source)
at sun.reflect.DelegatingConstructorAccessorImpl.newInstance(Unknown Source)
at java.lang.reflect.Constructor.newInstance(Unknown Source)
at org.openqa.selenium.remote.W3CHandshakeResponse.lambda$new$0(W3CHandshakeResponse.java:57)
at org.openqa.selenium.remote.W3CHandshakeResponse.lambda$getResponseFunction$2(W3CHandshakeResponse.java:104)
at org.openqa.selenium.remote.ProtocolHandshake.lambda$createSession$0(ProtocolHandshake.java:123)
at java.util.stream.ReferencePipeline$3$1.accept(Unknown Source)
at java.util.Spliterators$ArraySpliterator.tryAdvance(Unknown Source)
at java.util.stream.ReferencePipeline.forEachWithCancel(Unknown Source)
at java.util.stream.AbstractPipeline.copyIntoWithCancel(Unknown Source)
at java.util.stream.AbstractPipeline.copyInto(Unknown Source)
at java.util.stream.AbstractPipeline.wrapAndCopyInto(Unknown Source)
at java.util.stream.FindOps$FindOp.evaluateSequential(Unknown Source)
at java.util.stream.AbstractPipeline.evaluate(Unknown Source)
at java.util.stream.ReferencePipeline.findFirst(Unknown Source)
at org.openqa.selenium.remote.ProtocolHandshake.createSession(ProtocolHandshake.java:126)
at org.openqa.selenium.remote.ProtocolHandshake.createSession(ProtocolHandshake.java:73)
at org.openqa.selenium.remote.HttpCommandExecutor.execute(HttpCommandExecutor.java:142)
at org.openqa.selenium.remote.service.DriverCommandExecutor.execute(DriverCommandExecutor.java:83)
at org.openqa.selenium.remote.RemoteWebDriver.execute(RemoteWebDriver.java:600)
at org.openqa.selenium.remote.RemoteWebDriver.startSession(RemoteWebDriver.java:219)
at org.openqa.selenium.remote.RemoteWebDriver.<init>(RemoteWebDriver.java:142)
at org.openqa.selenium.chrome.ChromeDriver.<init>(ChromeDriver.java:181)
at org.openqa.selenium.chrome.ChromeDriver.<init>(ChromeDriver.java:168)
at org.openqa.selenium.chrome.ChromeDriver.<init>(ChromeDriver.java:123)
at com.realsteel.test.config.CreateDrivers.getDriverInstance(CreateDrivers.java:22)
at com.realsteel.casestudy.testng.TestNG_Open_Cart_4_9_4.precondition(TestNG_Open_Cart_4_9_4.java:55)
at sun.reflect.NativeMethodAccessorImpl.invoke0(Native Method)
at sun.reflect.NativeMethodAccessorImpl.invoke(Unknown Source)
at sun.reflect.DelegatingMethodAccessorImpl.invoke(Unknown Source)
at java.lang.reflect.Method.invoke(Unknown Source)
at org.testng.internal.MethodInvocationHelper.invokeMethod(MethodInvocationHelper.java:133)
at org.testng.internal.MethodInvocationHelper.invokeMethodConsideringTimeout(MethodInvocationHelper.java:62)
at org.testng.internal.ConfigInvoker.invokeConfigurationMethod(ConfigInvoker.java:340)
at org.testng.internal.ConfigInvoker.invokeConfigurations(ConfigInvoker.java:294)
at org.testng.internal.TestInvoker.runConfigMethods(TestInvoker.java:683)
at org.testng.internal.TestInvoker.invokeMethod(TestInvoker.java:510)
at org.testng.internal.TestInvoker.invokeTestMethod(TestInvoker.java:172)
at org.testng.internal.MethodRunner.runInSequence(MethodRunner.java:46)
at org.testng.internal.TestInvoker$MethodInvocationAgent.invoke(TestInvoker.java:804)
at org.testng.internal.TestInvoker.invokeTestMethods(TestInvoker.java:145)
at org.testng.internal.TestMethodWorker.invokeTestMethods(TestMethodWorker.java:146)
at org.testng.internal.TestMethodWorker.run(TestMethodWorker.java:128)
at java.util.ArrayList.forEach(Unknown Source)
at org.testng.TestRunner.privateRun(TestRunner.java:770)
at org.testng.TestRunner.run(TestRunner.java:591)
at org.testng.SuiteRunner.runTest(SuiteRunner.java:402)
at org.testng.SuiteRunner.runSequentially(SuiteRunner.java:396)
at org.testng.SuiteRunner.privateRun(SuiteRunner.java:355)
at org.testng.SuiteRunner.run(SuiteRunner.java:304)
at org.testng.SuiteRunnerWorker.runSuite(SuiteRunnerWorker.java:53)
at org.testng.SuiteRunnerWorker.run(SuiteRunnerWorker.java:96)
at org.testng.TestNG.runSuitesSequentially(TestNG.java:1180)
at org.testng.TestNG.runSuitesLocally(TestNG.java:1102)
at org.testng.TestNG.runSuites(TestNG.java:1032)
at org.testng.TestNG.run(TestNG.java:1000)
at org.testng.remote.AbstractRemoteTestNG.run(AbstractRemoteTestNG.java:115)
at org.testng.remote.RemoteTestNG.initAndRun(RemoteTestNG.java:251)
at org.testng.remote.RemoteTestNG.main(RemoteTestNG.java:77)
]]>
            </full-stacktrace>
          </exception> <!-- org.openqa.selenium.SessionNotCreatedException -->
          <reporter-output>
          </reporter-output>
        </test-method> <!-- tc05_BrowseCategory -->
        <test-method status="SKIP" signature="postCondition()[pri:0, instance:com.realsteel.casestudy.testng.TestNG_Open_Cart_4_9_4@477b4cdf]" name="postCondition" is-config="true" duration-ms="-1597427129065" started-at="2020-08-14T23:15:29 IST" finished-at="1970-01-01T05:30:00 IST">
          <reporter-output>
          </reporter-output>
        </test-method> <!-- postCondition -->
      </class> <!-- com.realsteel.casestudy.testng.TestNG_Open_Cart_4_9_4 -->
    </test> <!-- Default test -->
  </suite> <!-- Default suite -->
</testng-results>
