<?xml version="1.0" encoding="UTF-8"?>
<!-- Generated by org.testng.reporters.JUnitReportReporter -->
<testsuite skipped="10" hostname="DESKTOP-TP2DDA7" name="com.realsteel.casestudy.testng.TestNG_Open_Cart_4_9_4" tests="11" failures="0" timestamp="2020-08-14T23:15:29 IST" time="11.244" errors="1">
  <testcase name="tc003_RemoveProduct" time="0.000" classname="com.realsteel.casestudy.testng.TestNG_Open_Cart_4_9_4">
    <skipped/>
  </testcase> <!-- tc003_RemoveProduct -->
  <testcase name="precondition" time="11.244" classname="com.realsteel.casestudy.testng.TestNG_Open_Cart_4_9_4">
    <error type="org.openqa.selenium.SessionNotCreatedException" message="session not created: This version of ChromeDriver only supports Chrome version 81
Build info: version: &#039;3.7.1&#039;, revision: &#039;8a0099a&#039;, time: &#039;2017-11-06T21:01:39.354Z&#039;
System info: host: &#039;DESKTOP-TP2DDA7&#039;, ip: &#039;192.168.0.103&#039;, os.name: &#039;Windows 10&#039;, os.arch: &#039;amd64&#039;, os.version: &#039;10.0&#039;, java.version: &#039;1.8.0_181&#039;
Driver info: driver.version: ChromeDriver
remote stacktrace: Backtrace:
	Ordinal0 [0x005F5F73+2449267]
	Ordinal0 [0x00528361+1606497]
	Ordinal0 [0x0041F969+522601]
	Ordinal0 [0x003B05F3+67059]
	Ordinal0 [0x003ACD92+52626]
	Ordinal0 [0x003CC127+180519]
	Ordinal0 [0x003CBF2D+180013]
	Ordinal0 [0x003C9E5B+171611]
	Ordinal0 [0x003B1DD8+73176]
	Ordinal0 [0x003B2E50+77392]
	Ordinal0 [0x003B2DE9+77289]
	Ordinal0 [0x0053D8D7+1693911]
	GetHandleVerifier [0x00694036+522726]
	GetHandleVerifier [0x00693D74+522020]
	GetHandleVerifier [0x006A9187+609079]
	GetHandleVerifier [0x006948A6+524886]
	Ordinal0 [0x00535CBC+1662140]
	Ordinal0 [0x0053F23B+1700411]
	Ordinal0 [0x0053F3A3+1700771]
	Ordinal0 [0x00555215+1790485]
	BaseThreadInitThunk [0x74BD8744+36]
	RtlGetAppContainerNamedObjectPath [0x7726587D+253]
	RtlGetAppContainerNamedObjectPath [0x7726584D+205]
">
      <![CDATA[org.openqa.selenium.SessionNotCreatedException: session not created: This version of ChromeDriver only supports Chrome version 81
Build info: version: '3.7.1', revision: '8a0099a', time: '2017-11-06T21:01:39.354Z'
System info: host: 'DESKTOP-TP2DDA7', ip: '192.168.0.103', os.name: 'Windows 10', os.arch: 'amd64', os.version: '10.0', java.version: '1.8.0_181'
Driver info: driver.version: ChromeDriver
remote stacktrace: Backtrace:
Ordinal0 [0x005F5F73+2449267]
Ordinal0 [0x00528361+1606497]
Ordinal0 [0x0041F969+522601]
Ordinal0 [0x003B05F3+67059]
Ordinal0 [0x003ACD92+52626]
Ordinal0 [0x003CC127+180519]
Ordinal0 [0x003CBF2D+180013]
Ordinal0 [0x003C9E5B+171611]
Ordinal0 [0x003B1DD8+73176]
Ordinal0 [0x003B2E50+77392]
Ordinal0 [0x003B2DE9+77289]
Ordinal0 [0x0053D8D7+1693911]
GetHandleVerifier [0x00694036+522726]
GetHandleVerifier [0x00693D74+522020]
GetHandleVerifier [0x006A9187+609079]
GetHandleVerifier [0x006948A6+524886]
Ordinal0 [0x00535CBC+1662140]
Ordinal0 [0x0053F23B+1700411]
Ordinal0 [0x0053F3A3+1700771]
Ordinal0 [0x00555215+1790485]
BaseThreadInitThunk [0x74BD8744+36]
RtlGetAppContainerNamedObjectPath [0x7726587D+253]
RtlGetAppContainerNamedObjectPath [0x7726584D+205]

at sun.reflect.NativeConstructorAccessorImpl.newInstance0(Native Method)
at sun.reflect.NativeConstructorAccessorImpl.newInstance(Unknown Source)
at sun.reflect.DelegatingConstructorAccessorImpl.newInstance(Unknown Source)
at java.lang.reflect.Constructor.newInstance(Unknown Source)
at org.openqa.selenium.remote.W3CHandshakeResponse.lambda$new$0(W3CHandshakeResponse.java:57)
at org.openqa.selenium.remote.W3CHandshakeResponse.lambda$getResponseFunction$2(W3CHandshakeResponse.java:104)
at org.openqa.selenium.remote.ProtocolHandshake.lambda$createSession$0(ProtocolHandshake.java:123)
at java.util.stream.ReferencePipeline$3$1.accept(Unknown Source)
at java.util.Spliterators$ArraySpliterator.tryAdvance(Unknown Source)
at java.util.stream.ReferencePipeline.forEachWithCancel(Unknown Source)
at java.util.stream.AbstractPipeline.copyIntoWithCancel(Unknown Source)
at java.util.stream.AbstractPipeline.copyInto(Unknown Source)
at java.util.stream.AbstractPipeline.wrapAndCopyInto(Unknown Source)
at java.util.stream.FindOps$FindOp.evaluateSequential(Unknown Source)
at java.util.stream.AbstractPipeline.evaluate(Unknown Source)
at java.util.stream.ReferencePipeline.findFirst(Unknown Source)
at org.openqa.selenium.remote.ProtocolHandshake.createSession(ProtocolHandshake.java:126)
at org.openqa.selenium.remote.ProtocolHandshake.createSession(ProtocolHandshake.java:73)
at org.openqa.selenium.remote.HttpCommandExecutor.execute(HttpCommandExecutor.java:142)
at org.openqa.selenium.remote.service.DriverCommandExecutor.execute(DriverCommandExecutor.java:83)
at org.openqa.selenium.remote.RemoteWebDriver.execute(RemoteWebDriver.java:600)
at org.openqa.selenium.remote.RemoteWebDriver.startSession(RemoteWebDriver.java:219)
at org.openqa.selenium.remote.RemoteWebDriver.<init>(RemoteWebDriver.java:142)
at org.openqa.selenium.chrome.ChromeDriver.<init>(ChromeDriver.java:181)
at org.openqa.selenium.chrome.ChromeDriver.<init>(ChromeDriver.java:168)
at org.openqa.selenium.chrome.ChromeDriver.<init>(ChromeDriver.java:123)
at com.realsteel.test.config.CreateDrivers.getDriverInstance(CreateDrivers.java:22)
at com.realsteel.casestudy.testng.TestNG_Open_Cart_4_9_4.precondition(TestNG_Open_Cart_4_9_4.java:55)
at sun.reflect.NativeMethodAccessorImpl.invoke0(Native Method)
at sun.reflect.NativeMethodAccessorImpl.invoke(Unknown Source)
at sun.reflect.DelegatingMethodAccessorImpl.invoke(Unknown Source)
at java.lang.reflect.Method.invoke(Unknown Source)
at org.testng.internal.MethodInvocationHelper.invokeMethod(MethodInvocationHelper.java:133)
at org.testng.internal.MethodInvocationHelper.invokeMethodConsideringTimeout(MethodInvocationHelper.java:62)
at org.testng.internal.ConfigInvoker.invokeConfigurationMethod(ConfigInvoker.java:340)
at org.testng.internal.ConfigInvoker.invokeConfigurations(ConfigInvoker.java:294)
at org.testng.internal.TestInvoker.runConfigMethods(TestInvoker.java:683)
at org.testng.internal.TestInvoker.invokeMethod(TestInvoker.java:510)
at org.testng.internal.TestInvoker.invokeTestMethod(TestInvoker.java:172)
at org.testng.internal.MethodRunner.runInSequence(MethodRunner.java:46)
at org.testng.internal.TestInvoker$MethodInvocationAgent.invoke(TestInvoker.java:804)
at org.testng.internal.TestInvoker.invokeTestMethods(TestInvoker.java:145)
at org.testng.internal.TestMethodWorker.invokeTestMethods(TestMethodWorker.java:146)
at org.testng.internal.TestMethodWorker.run(TestMethodWorker.java:128)
at java.util.ArrayList.forEach(Unknown Source)
at org.testng.TestRunner.privateRun(TestRunner.java:770)
at org.testng.TestRunner.run(TestRunner.java:591)
at org.testng.SuiteRunner.runTest(SuiteRunner.java:402)
at org.testng.SuiteRunner.runSequentially(SuiteRunner.java:396)
at org.testng.SuiteRunner.privateRun(SuiteRunner.java:355)
at org.testng.SuiteRunner.run(SuiteRunner.java:304)
at org.testng.SuiteRunnerWorker.runSuite(SuiteRunnerWorker.java:53)
at org.testng.SuiteRunnerWorker.run(SuiteRunnerWorker.java:96)
at org.testng.TestNG.runSuitesSequentially(TestNG.java:1180)
at org.testng.TestNG.runSuitesLocally(TestNG.java:1102)
at org.testng.TestNG.runSuites(TestNG.java:1032)
at org.testng.TestNG.run(TestNG.java:1000)
at org.testng.remote.AbstractRemoteTestNG.run(AbstractRemoteTestNG.java:115)
at org.testng.remote.RemoteTestNG.initAndRun(RemoteTestNG.java:251)
at org.testng.remote.RemoteTestNG.main(RemoteTestNG.java:77)
]]>
    </error>
  </testcase> <!-- precondition -->
  <testcase name="tc05_BrowseCategory" time="0.000" classname="com.realsteel.casestudy.testng.TestNG_Open_Cart_4_9_4">
    <skipped/>
  </testcase> <!-- tc05_BrowseCategory -->
  <testcase name="tc004_OrderQuantity" time="0.000" classname="com.realsteel.casestudy.testng.TestNG_Open_Cart_4_9_4">
    <skipped/>
  </testcase> <!-- tc004_OrderQuantity -->
  <testcase name="tc009_ShoppingEmptyCart" time="0.000" classname="com.realsteel.casestudy.testng.TestNG_Open_Cart_4_9_4">
    <skipped/>
  </testcase> <!-- tc009_ShoppingEmptyCart -->
  <testcase name="tc010_ChangeAddress" time="0.000" classname="com.realsteel.casestudy.testng.TestNG_Open_Cart_4_9_4">
    <skipped/>
  </testcase> <!-- tc010_ChangeAddress -->
  <testcase name="tc006_AdditionalImage" time="0.000" classname="com.realsteel.casestudy.testng.TestNG_Open_Cart_4_9_4">
    <skipped/>
  </testcase> <!-- tc006_AdditionalImage -->
  <testcase name="tc001_LoginLogout" time="0.000" classname="com.realsteel.casestudy.testng.TestNG_Open_Cart_4_9_4">
    <skipped/>
  </testcase> <!-- tc001_LoginLogout -->
  <testcase name="tc007_EditAccountInfo" time="0.000" classname="com.realsteel.casestudy.testng.TestNG_Open_Cart_4_9_4">
    <skipped/>
  </testcase> <!-- tc007_EditAccountInfo -->
  <testcase name="tc008_SortByCombo" time="0.000" classname="com.realsteel.casestudy.testng.TestNG_Open_Cart_4_9_4">
    <skipped/>
  </testcase> <!-- tc008_SortByCombo -->
  <testcase name="tc002_E2E" time="0.000" classname="com.realsteel.casestudy.testng.TestNG_Open_Cart_4_9_4">
    <skipped/>
  </testcase> <!-- tc002_E2E -->
</testsuite> <!-- com.realsteel.casestudy.testng.TestNG_Open_Cart_4_9_4 -->
